{"/Users/raymondyeh/Desktop/DLT/website/src/store.js": {"path":"/Users/raymondyeh/Desktop/DLT/website/src/store.js","statementMap":{"0":{"start":{"line":1,"column":0},"end":{"line":null,"column":-1}},"1":{"start":{"line":2,"column":0},"end":{"line":null,"column":-1}},"2":{"start":{"line":3,"column":0},"end":{"line":null,"column":-1}},"3":{"start":{"line":4,"column":0},"end":{"line":null,"column":-1}},"4":{"start":{"line":5,"column":0},"end":{"line":null,"column":-1}},"5":{"start":{"line":7,"column":23},"end":{"line":7,"column":0}},"6":{"start":{"line":9,"column":18},"end":{"line":9,"column":0}},"7":{"start":{"line":10,"column":16},"end":{"line":10,"column":2}},"8":{"start":{"line":14,"column":2},"end":{"line":null,"column":-1}},"9":{"start":{"line":15,"column":2},"end":{"line":null,"column":-1}}},"fnMap":{"0":{"name":"initStore","decl":{"start":{"line":9,"column":6},"end":{"line":9,"column":18}},"loc":{"start":{"line":9,"column":24},"end":{"line":9,"column":0}}}},"branchMap":{},"s":{"0":0,"1":0,"2":0,"3":0,"4":0,"5":0,"6":0,"7":0,"8":0,"9":0},"f":{"0":0},"b":{}}
,"/Users/raymondyeh/Desktop/DLT/website/src/components/CertificateVerifyBlock.js": {"path":"/Users/raymondyeh/Desktop/DLT/website/src/components/CertificateVerifyBlock.js","statementMap":{"0":{"start":{"line":1,"column":0},"end":{"line":null,"column":-1}},"1":{"start":{"line":3,"column":18},"end":{"line":3,"column":0}},"2":{"start":{"line":11,"column":22},"end":{"line":11,"column":0}},"3":{"start":{"line":17,"column":6},"end":{"line":17,"column":5}},"4":{"start":{"line":18,"column":2},"end":{"line":18,"column":17}},"5":{"start":{"line":18,"column":17},"end":{"line":null,"column":-1}},"6":{"start":{"line":19,"column":2},"end":{"line":26,"column":4}},"7":{"start":{"line":26,"column":4},"end":{"line":null,"column":-1}},"8":{"start":{"line":27,"column":2},"end":{"line":34,"column":4}},"9":{"start":{"line":34,"column":4},"end":{"line":null,"column":-1}},"10":{"start":{"line":35,"column":2},"end":{"line":null,"column":-1}},"11":{"start":{"line":38,"column":19},"end":{"line":38,"column":0}},"12":{"start":{"line":40,"column":2},"end":{"line":null,"column":-1}},"13":{"start":{"line":43,"column":6},"end":{"line":null,"column":-1}},"14":{"start":{"line":49,"column":6},"end":{"line":null,"column":-1}},"15":{"start":{"line":51,"column":6},"end":{"line":null,"column":-1}},"16":{"start":{"line":57,"column":6},"end":{"line":null,"column":-1}},"17":{"start":{"line":59,"column":6},"end":{"line":null,"column":-1}},"18":{"start":{"line":65,"column":6},"end":{"line":null,"column":-1}},"19":{"start":{"line":67,"column":6},"end":{"line":null,"column":-1}},"20":{"start":{"line":74,"column":2},"end":{"line":null,"column":-1}},"21":{"start":{"line":81,"column":19},"end":{"line":81,"column":0}},"22":{"start":{"line":83,"column":2},"end":{"line":null,"column":-1}},"23":{"start":{"line":85,"column":6},"end":{"line":null,"column":-1}},"24":{"start":{"line":86,"column":6},"end":{"line":null,"column":-1}},"25":{"start":{"line":88,"column":6},"end":{"line":null,"column":-1}},"26":{"start":{"line":89,"column":6},"end":{"line":null,"column":-1}},"27":{"start":{"line":91,"column":6},"end":{"line":null,"column":-1}},"28":{"start":{"line":92,"column":6},"end":{"line":null,"column":-1}},"29":{"start":{"line":94,"column":6},"end":{"line":null,"column":-1}},"30":{"start":{"line":95,"column":6},"end":{"line":null,"column":-1}},"31":{"start":{"line":97,"column":6},"end":{"line":null,"column":-1}},"32":{"start":{"line":99,"column":2},"end":{"line":null,"column":-1}},"33":{"start":{"line":106,"column":31},"end":{"line":106,"column":0}},"34":{"start":{"line":107,"column":17},"end":{"line":107,"column":2}},"35":{"start":{"line":108,"column":23},"end":{"line":108,"column":2}},"36":{"start":{"line":109,"column":23},"end":{"line":109,"column":2}},"37":{"start":{"line":110,"column":2},"end":{"line":null,"column":-1}},"38":{"start":{"line":123,"column":0},"end":{"line":null,"column":-1}}},"fnMap":{"0":{"name":"statusSummary","decl":{"start":{"line":11,"column":6},"end":{"line":11,"column":22}},"loc":{"start":{"line":17,"column":6},"end":{"line":11,"column":0}}},"1":{"name":"renderIcon","decl":{"start":{"line":38,"column":6},"end":{"line":38,"column":19}},"loc":{"start":{"line":38,"column":29},"end":{"line":38,"column":0}}},"2":{"name":"renderText","decl":{"start":{"line":81,"column":6},"end":{"line":81,"column":19}},"loc":{"start":{"line":81,"column":29},"end":{"line":81,"column":0}}},"3":{"name":"CertificateVerifyBlock","decl":{"start":{"line":106,"column":6},"end":{"line":106,"column":31}},"loc":{"start":{"line":106,"column":40},"end":{"line":106,"column":0}}}},"branchMap":{"0":{"loc":{"start":{"line":18,"column":2},"end":{"line":18,"column":17}},"type":"if","locations":[{"start":{"line":18,"column":2},"end":{"line":18,"column":17}},{"start":{"line":18,"column":2},"end":{"line":18,"column":17}}]},"1":{"loc":{"start":{"line":19,"column":2},"end":{"line":26,"column":4}},"type":"if","locations":[{"start":{"line":19,"column":2},"end":{"line":26,"column":4}},{"start":{"line":19,"column":2},"end":{"line":26,"column":4}}]},"2":{"loc":{"start":{"line":20,"column":4},"end":{"line":20,"column":3}},"type":"binary-expr","locations":[{"start":{"line":20,"column":4},"end":{"line":20,"column":3}},{"start":{"line":21,"column":4},"end":{"line":20,"column":4}},{"start":{"line":22,"column":4},"end":{"line":20,"column":4}},{"start":{"line":23,"column":4},"end":{"line":20,"column":4}},{"start":{"line":24,"column":4},"end":{"line":19,"column":2}}]},"3":{"loc":{"start":{"line":27,"column":2},"end":{"line":34,"column":4}},"type":"if","locations":[{"start":{"line":27,"column":2},"end":{"line":34,"column":4}},{"start":{"line":27,"column":2},"end":{"line":34,"column":4}}]},"4":{"loc":{"start":{"line":28,"column":4},"end":{"line":28,"column":3}},"type":"binary-expr","locations":[{"start":{"line":28,"column":4},"end":{"line":28,"column":3}},{"start":{"line":29,"column":4},"end":{"line":28,"column":4}},{"start":{"line":30,"column":4},"end":{"line":28,"column":4}},{"start":{"line":31,"column":4},"end":{"line":28,"column":4}},{"start":{"line":32,"column":4},"end":{"line":27,"column":2}}]},"5":{"loc":{"start":{"line":41,"column":4},"end":{"line":null,"column":-1}},"type":"switch","locations":[{"start":{"line":41,"column":4},"end":{"line":null,"column":-1}},{"start":{"line":42,"column":4},"end":{"line":49,"column":6}},{"start":{"line":50,"column":4},"end":{"line":57,"column":6}},{"start":{"line":58,"column":4},"end":{"line":65,"column":6}},{"start":{"line":66,"column":4},"end":{"line":67,"column":6}}]},"6":{"loc":{"start":{"line":84,"column":4},"end":{"line":86,"column":6}},"type":"switch","locations":[{"start":{"line":84,"column":4},"end":{"line":86,"column":6}},{"start":{"line":87,"column":4},"end":{"line":89,"column":6}},{"start":{"line":90,"column":4},"end":{"line":92,"column":6}},{"start":{"line":93,"column":4},"end":{"line":95,"column":6}},{"start":{"line":96,"column":4},"end":{"line":97,"column":6}}]}},"s":{"0":0,"1":0,"2":0,"3":0,"4":0,"5":0,"6":0,"7":0,"8":0,"9":0,"10":0,"11":0,"12":0,"13":0,"14":0,"15":0,"16":0,"17":0,"18":0,"19":0,"20":0,"21":0,"22":0,"23":0,"24":0,"25":0,"26":0,"27":0,"28":0,"29":0,"30":0,"31":0,"32":0,"33":0,"34":0,"35":0,"36":0,"37":0,"38":0},"f":{"0":0,"1":0,"2":0,"3":0},"b":{"0":[0,0],"1":[0,0],"2":[0,0,0,0,0],"3":[0,0],"4":[0,0,0,0,0],"5":[0,0,0,0,0],"6":[0,0,0,0,0]}}
,"/Users/raymondyeh/Desktop/DLT/website/src/components/CertificateViewer.js": {"path":"/Users/raymondyeh/Desktop/DLT/website/src/components/CertificateViewer.js","statementMap":{"0":{"start":{"line":1,"column":0},"end":{"line":null,"column":-1}},"1":{"start":{"line":2,"column":0},"end":{"line":null,"column":-1}},"2":{"start":{"line":3,"column":0},"end":{"line":null,"column":-1}},"3":{"start":{"line":4,"column":0},"end":{"line":null,"column":-1}},"4":{"start":{"line":5,"column":0},"end":{"line":null,"column":-1}},"5":{"start":{"line":6,"column":0},"end":{"line":null,"column":-1}},"6":{"start":{"line":7,"column":0},"end":{"line":null,"column":-1}},"7":{"start":{"line":8,"column":0},"end":{"line":null,"column":-1}},"8":{"start":{"line":9,"column":0},"end":{"line":null,"column":-1}},"9":{"start":{"line":11,"column":32},"end":{"line":11,"column":0}},"10":{"start":{"line":12,"column":22},"end":{"line":12,"column":2}},"11":{"start":{"line":13,"column":2},"end":{"line":null,"column":-1}},"12":{"start":{"line":18,"column":26},"end":{"line":18,"column":0}},"13":{"start":{"line":18,"column":31},"end":{"line":null,"column":-1}},"14":{"start":{"line":29,"column":30},"end":{"line":29,"column":0}},"15":{"start":{"line":30,"column":18},"end":{"line":30,"column":2}},"16":{"start":{"line":31,"column":21},"end":{"line":31,"column":2}},"17":{"start":{"line":31,"column":34},"end":{"line":null,"column":-1}},"18":{"start":{"line":32,"column":24},"end":{"line":32,"column":2}},"19":{"start":{"line":33,"column":2},"end":{"line":null,"column":-1}},"20":{"start":{"line":45,"column":26},"end":{"line":45,"column":0}},"21":{"start":{"line":46,"column":34},"end":{"line":46,"column":2}},"22":{"start":{"line":47,"column":30},"end":{"line":47,"column":2}},"23":{"start":{"line":48,"column":2},"end":{"line":null,"column":-1}},"24":{"start":{"line":59,"column":21},"end":{"line":null,"column":-1}},"25":{"start":{"line":62,"column":39},"end":{"line":null,"column":-1}},"26":{"start":{"line":70,"column":32},"end":{"line":70,"column":0}},"27":{"start":{"line":70,"column":55},"end":{"line":null,"column":-1}},"28":{"start":{"line":71,"column":23},"end":{"line":null,"column":-1}},"29":{"start":{"line":76,"column":31},"end":{"line":76,"column":0}},"30":{"start":{"line":76,"column":63},"end":{"line":76,"column":62}},"31":{"start":{"line":77,"column":2},"end":{"line":79,"column":3}},"32":{"start":{"line":78,"column":4},"end":{"line":null,"column":-1}},"33":{"start":{"line":80,"column":18},"end":{"line":80,"column":2}},"34":{"start":{"line":81,"column":39},"end":{"line":81,"column":2}},"35":{"start":{"line":81,"column":54},"end":{"line":null,"column":-1}},"36":{"start":{"line":82,"column":2},"end":{"line":null,"column":-1}},"37":{"start":{"line":83,"column":25},"end":{"line":83,"column":4}},"38":{"start":{"line":84,"column":29},"end":{"line":84,"column":4}},"39":{"start":{"line":87,"column":4},"end":{"line":null,"column":-1}},"40":{"start":{"line":91,"column":26},"end":{"line":91,"column":0}},"41":{"start":{"line":92,"column":26},"end":{"line":91,"column":35}},"42":{"start":{"line":94,"column":35},"end":{"line":91,"column":35}},"43":{"start":{"line":91,"column":35},"end":{"line":91,"column":34}},"44":{"start":{"line":95,"column":26},"end":{"line":95,"column":2}},"45":{"start":{"line":97,"column":30},"end":{"line":97,"column":2}},"46":{"start":{"line":98,"column":36},"end":{"line":98,"column":2}},"47":{"start":{"line":103,"column":4},"end":{"line":102,"column":2}},"48":{"start":{"line":124,"column":2},"end":{"line":null,"column":-1}},"49":{"start":{"line":131,"column":0},"end":{"line":null,"column":-1}},"50":{"start":{"line":146,"column":0},"end":{"line":null,"column":-1}},"51":{"start":{"line":147,"column":0},"end":{"line":null,"column":-1}}},"fnMap":{"0":{"name":"getCertificateTemplates","decl":{"start":{"line":11,"column":6},"end":{"line":11,"column":32}},"loc":{"start":{"line":11,"column":47},"end":{"line":11,"column":0}}},"1":{"name":"renderVerifyBlock","decl":{"start":{"line":18,"column":6},"end":{"line":18,"column":26}},"loc":{"start":{"line":18,"column":31},"end":{"line":18,"column":0}}},"2":{"name":"renderIdentitiesBlock","decl":{"start":{"line":29,"column":6},"end":{"line":29,"column":30}},"loc":{"start":{"line":29,"column":45},"end":{"line":29,"column":0}}},"3":{"name":"(anonymous_4)","decl":{"start":{"line":31,"column":33},"end":{"line":31,"column":32}},"loc":{"start":{"line":31,"column":34},"end":{"line":31,"column":21}}},"4":{"name":"renderHeaderBlock","decl":{"start":{"line":45,"column":6},"end":{"line":45,"column":26}},"loc":{"start":{"line":45,"column":35},"end":{"line":45,"column":0}}},"5":{"name":"onClick","decl":{"start":{"line":59,"column":21},"end":{"line":null,"column":-1}},"loc":{"start":{"line":59,"column":21},"end":{"line":57,"column":10}}},"6":{"name":"onClick","decl":{"start":{"line":62,"column":39},"end":{"line":null,"column":-1}},"loc":{"start":{"line":62,"column":39},"end":{"line":62,"column":8}}},"7":{"name":"renderCertificateChange","decl":{"start":{"line":70,"column":6},"end":{"line":70,"column":32}},"loc":{"start":{"line":70,"column":55},"end":{"line":70,"column":0}}},"8":{"name":"onClick","decl":{"start":{"line":71,"column":23},"end":{"line":null,"column":-1}},"loc":{"start":{"line":71,"column":23},"end":{"line":71,"column":2}}},"9":{"name":"storeCanRenderTemplate","decl":{"start":{"line":76,"column":6},"end":{"line":76,"column":31}},"loc":{"start":{"line":76,"column":63},"end":{"line":76,"column":0}}},"10":{"name":"(anonymous_11)","decl":{"start":{"line":81,"column":53},"end":{"line":81,"column":52}},"loc":{"start":{"line":81,"column":54},"end":{"line":81,"column":39}}},"11":{"name":"(anonymous_12)","decl":{"start":{"line":82,"column":24},"end":{"line":82,"column":24}},"loc":{"start":{"line":82,"column":40},"end":{"line":82,"column":9}}},"12":{"name":"CertificateViewer","decl":{"start":{"line":91,"column":6},"end":{"line":91,"column":26}},"loc":{"start":{"line":91,"column":35},"end":{"line":91,"column":0}}}},"branchMap":{"0":{"loc":{"start":{"line":14,"column":6},"end":{"line":13,"column":9}},"type":"cond-expr","locations":[{"start":{"line":14,"column":6},"end":{"line":13,"column":9}},{"start":{"line":15,"column":6},"end":{"line":13,"column":2}}]},"1":{"loc":{"start":{"line":34,"column":4},"end":{"line":33,"column":9}},"type":"cond-expr","locations":[{"start":{"line":34,"column":4},"end":{"line":33,"column":9}},{"start":{"line":42,"column":6},"end":{"line":33,"column":2}}]},"2":{"loc":{"start":{"line":33,"column":9},"end":{"line":33,"column":19}},"type":"binary-expr","locations":[{"start":{"line":33,"column":9},"end":{"line":33,"column":19}},{"start":{"line":33,"column":23},"end":{"line":33,"column":9}}]},"3":{"loc":{"start":{"line":36,"column":8},"end":{"line":35,"column":17}},"type":"cond-expr","locations":[{"start":{"line":36,"column":8},"end":{"line":35,"column":17}},{"start":{"line":37,"column":10},"end":{"line":34,"column":4}}]},"4":{"loc":{"start":{"line":39,"column":8},"end":{"line":38,"column":20}},"type":"cond-expr","locations":[{"start":{"line":39,"column":8},"end":{"line":38,"column":20}},{"start":{"line":40,"column":10},"end":{"line":34,"column":4}}]},"5":{"loc":{"start":{"line":77,"column":2},"end":{"line":79,"column":3}},"type":"if","locations":[{"start":{"line":77,"column":2},"end":{"line":79,"column":3}},{"start":{"line":77,"column":2},"end":{"line":79,"column":3}}]},"6":{"loc":{"start":{"line":77,"column":6},"end":{"line":77,"column":5}},"type":"binary-expr","locations":[{"start":{"line":77,"column":6},"end":{"line":77,"column":5}},{"start":{"line":77,"column":20},"end":{"line":77,"column":2}}]},"7":{"loc":{"start":{"line":87,"column":11},"end":{"line":87,"column":15}},"type":"binary-expr","locations":[{"start":{"line":87,"column":11},"end":{"line":87,"column":15}},{"start":{"line":87,"column":19},"end":{"line":87,"column":4}}]},"8":{"loc":{"start":{"line":126,"column":25},"end":{"line":126,"column":22}},"type":"cond-expr","locations":[{"start":{"line":126,"column":25},"end":{"line":126,"column":22}},{"start":{"line":126,"column":51},"end":{"line":125,"column":4}}]}},"s":{"0":0,"1":0,"2":0,"3":0,"4":0,"5":0,"6":0,"7":0,"8":0,"9":0,"10":0,"11":0,"12":0,"13":0,"14":0,"15":0,"16":0,"17":0,"18":0,"19":0,"20":0,"21":0,"22":0,"23":0,"24":0,"25":0,"26":0,"27":0,"28":0,"29":0,"30":0,"31":0,"32":0,"33":0,"34":0,"35":0,"36":0,"37":0,"38":0,"39":0,"40":0,"41":0,"42":0,"43":0,"44":0,"45":0,"46":0,"47":0,"48":0,"49":0,"50":0,"51":0},"f":{"0":0,"1":0,"2":0,"3":0,"4":0,"5":0,"6":0,"7":0,"8":0,"9":0,"10":0,"11":0,"12":0},"b":{"0":[0,0],"1":[0,0],"2":[0,0],"3":[0,0],"4":[0,0],"5":[0,0],"6":[0,0],"7":[0,0],"8":[0,0]}}
,"/Users/raymondyeh/Desktop/DLT/website/src/components/InvalidCertificateNotice.js": {"path":"/Users/raymondyeh/Desktop/DLT/website/src/components/InvalidCertificateNotice.js","statementMap":{"0":{"start":{"line":1,"column":32},"end":{"line":1,"column":0}},"1":{"start":{"line":1,"column":55},"end":{"line":null,"column":-1}},"2":{"start":{"line":2,"column":23},"end":{"line":null,"column":-1}},"3":{"start":{"line":7,"column":33},"end":{"line":7,"column":0}},"4":{"start":{"line":7,"column":33},"end":{"line":null,"column":-1}}},"fnMap":{"0":{"name":"renderCertificateChange","decl":{"start":{"line":1,"column":6},"end":{"line":1,"column":32}},"loc":{"start":{"line":1,"column":55},"end":{"line":1,"column":0}}},"1":{"name":"onClick","decl":{"start":{"line":2,"column":23},"end":{"line":null,"column":-1}},"loc":{"start":{"line":2,"column":23},"end":{"line":2,"column":2}}},"2":{"name":"InvalidCertificateNotice","decl":{"start":{"line":7,"column":6},"end":{"line":7,"column":33}},"loc":{"start":{"line":7,"column":33},"end":{"line":7,"column":0}}}},"branchMap":{},"s":{"0":0,"1":0,"2":0,"3":0,"4":0},"f":{"0":0,"1":0,"2":0},"b":{}}
,"/Users/raymondyeh/Desktop/DLT/website/src/components/MainPageContainer.js": {"path":"/Users/raymondyeh/Desktop/DLT/website/src/components/MainPageContainer.js","statementMap":{"0":{"start":{"line":1,"column":0},"end":{"line":null,"column":-1}},"1":{"start":{"line":2,"column":0},"end":{"line":null,"column":-1}},"2":{"start":{"line":3,"column":0},"end":{"line":null,"column":-1}},"3":{"start":{"line":5,"column":26},"end":{"line":5,"column":0}},"4":{"start":{"line":5,"column":26},"end":{"line":null,"column":-1}}},"fnMap":{"0":{"name":"MainPageContainer","decl":{"start":{"line":5,"column":6},"end":{"line":5,"column":26}},"loc":{"start":{"line":5,"column":26},"end":{"line":5,"column":0}}}},"branchMap":{},"s":{"0":0,"1":0,"2":0,"3":0,"4":0},"f":{"0":0},"b":{}}
,"/Users/raymondyeh/Desktop/DLT/website/src/components/MultiCertificateRenderer.js": {"path":"/Users/raymondyeh/Desktop/DLT/website/src/components/MultiCertificateRenderer.js","statementMap":{"0":{"start":{"line":1,"column":0},"end":{"line":null,"column":-1}},"1":{"start":{"line":2,"column":0},"end":{"line":null,"column":-1}},"2":{"start":{"line":4,"column":22},"end":{"line":4,"column":0}},"3":{"start":{"line":4,"column":42},"end":{"line":4,"column":41}},"4":{"start":{"line":5,"column":15},"end":{"line":5,"column":2}},"5":{"start":{"line":5,"column":29},"end":{"line":null,"column":-1}},"6":{"start":{"line":19,"column":2},"end":{"line":null,"column":-1}},"7":{"start":{"line":26,"column":25},"end":{"line":26,"column":0}},"8":{"start":{"line":26,"column":58},"end":{"line":26,"column":57}},"9":{"start":{"line":27,"column":19},"end":{"line":27,"column":2}},"10":{"start":{"line":27,"column":33},"end":{"line":null,"column":-1}},"11":{"start":{"line":38,"column":2},"end":{"line":null,"column":-1}},"12":{"start":{"line":45,"column":33},"end":{"line":45,"column":0}},"13":{"start":{"line":45,"column":65},"end":{"line":45,"column":64}},"14":{"start":{"line":47,"column":4},"end":{"line":46,"column":2}},"15":{"start":{"line":53,"column":26},"end":{"line":53,"column":2}},"16":{"start":{"line":54,"column":2},"end":{"line":null,"column":-1}},"17":{"start":{"line":64,"column":0},"end":{"line":null,"column":-1}}},"fnMap":{"0":{"name":"renderTabList","decl":{"start":{"line":4,"column":6},"end":{"line":4,"column":22}},"loc":{"start":{"line":4,"column":42},"end":{"line":4,"column":0}}},"1":{"name":"(anonymous_2)","decl":{"start":{"line":5,"column":29},"end":{"line":5,"column":29}},"loc":{"start":{"line":5,"column":29},"end":{"line":5,"column":15}}},"2":{"name":"renderTabContent","decl":{"start":{"line":26,"column":6},"end":{"line":26,"column":25}},"loc":{"start":{"line":26,"column":58},"end":{"line":26,"column":0}}},"3":{"name":"(anonymous_4)","decl":{"start":{"line":27,"column":33},"end":{"line":27,"column":33}},"loc":{"start":{"line":27,"column":33},"end":{"line":27,"column":19}}},"4":{"name":"MultiCertificateRenderer","decl":{"start":{"line":45,"column":6},"end":{"line":45,"column":33}},"loc":{"start":{"line":45,"column":65},"end":{"line":45,"column":0}}}},"branchMap":{"0":{"loc":{"start":{"line":4,"column":42},"end":{"line":4,"column":34}},"type":"cond-expr","locations":[{"start":{"line":4,"column":42},"end":{"line":4,"column":34}},{"start":{"line":4,"column":35},"end":{"line":4,"column":42}}]},"1":{"loc":{"start":{"line":4,"column":42},"end":{"line":4,"column":34}},"type":"binary-expr","locations":[{"start":{"line":4,"column":42},"end":{"line":4,"column":34}},{"start":{"line":4,"column":42},"end":{"line":4,"column":34}}]},"2":{"loc":{"start":{"line":6,"column":40},"end":{"line":6,"column":30}},"type":"cond-expr","locations":[{"start":{"line":6,"column":40},"end":{"line":6,"column":30}},{"start":{"line":6,"column":53},"end":{"line":6,"column":17}}]},"3":{"loc":{"start":{"line":8,"column":44},"end":{"line":8,"column":34}},"type":"cond-expr","locations":[{"start":{"line":8,"column":44},"end":{"line":8,"column":34}},{"start":{"line":8,"column":56},"end":{"line":8,"column":17}}]},"4":{"loc":{"start":{"line":26,"column":58},"end":{"line":26,"column":50}},"type":"cond-expr","locations":[{"start":{"line":26,"column":58},"end":{"line":26,"column":50}},{"start":{"line":26,"column":51},"end":{"line":26,"column":58}}]},"5":{"loc":{"start":{"line":26,"column":58},"end":{"line":26,"column":50}},"type":"binary-expr","locations":[{"start":{"line":26,"column":58},"end":{"line":26,"column":50}},{"start":{"line":26,"column":58},"end":{"line":26,"column":50}}]},"6":{"loc":{"start":{"line":31,"column":43},"end":{"line":31,"column":33}},"type":"cond-expr","locations":[{"start":{"line":31,"column":43},"end":{"line":31,"column":33}},{"start":{"line":31,"column":60},"end":{"line":31,"column":15}}]}},"s":{"0":0,"1":0,"2":0,"3":0,"4":0,"5":0,"6":0,"7":0,"8":0,"9":0,"10":0,"11":0,"12":0,"13":0,"14":0,"15":0,"16":0,"17":0},"f":{"0":0,"1":0,"2":0,"3":0,"4":0},"b":{"0":[0,0],"1":[0,0],"2":[0,0],"3":[0,0],"4":[0,0],"5":[0,0],"6":[0,0]}}
,"/Users/raymondyeh/Desktop/DLT/website/src/components/PrintWatermark.js": {"path":"/Users/raymondyeh/Desktop/DLT/website/src/components/PrintWatermark.js","statementMap":{"0":{"start":{"line":2,"column":2},"end":{"line":1,"column":0}},"1":{"start":{"line":3,"column":23},"end":{"line":3,"column":0}},"2":{"start":{"line":3,"column":23},"end":{"line":null,"column":-1}}},"fnMap":{"0":{"name":"PrintWatermark","decl":{"start":{"line":3,"column":6},"end":{"line":3,"column":23}},"loc":{"start":{"line":3,"column":23},"end":{"line":3,"column":0}}}},"branchMap":{},"s":{"0":0,"1":0,"2":0},"f":{"0":0},"b":{}}
,"/Users/raymondyeh/Desktop/DLT/website/src/components/RegistryPageContainer.js": {"path":"/Users/raymondyeh/Desktop/DLT/website/src/components/RegistryPageContainer.js","statementMap":{"0":{"start":{"line":1,"column":16},"end":{"line":1,"column":0}},"1":{"start":{"line":32,"column":22},"end":{"line":32,"column":0}},"2":{"start":{"line":32,"column":22},"end":{"line":null,"column":-1}},"3":{"start":{"line":33,"column":14},"end":{"line":null,"column":-1}},"4":{"start":{"line":52,"column":21},"end":{"line":52,"column":0}},"5":{"start":{"line":52,"column":21},"end":{"line":null,"column":-1}}},"fnMap":{"0":{"name":"renderMembers","decl":{"start":{"line":32,"column":6},"end":{"line":32,"column":22}},"loc":{"start":{"line":32,"column":22},"end":{"line":32,"column":0}}},"1":{"name":"(anonymous_2)","decl":{"start":{"line":33,"column":14},"end":{"line":33,"column":14}},"loc":{"start":{"line":33,"column":14},"end":{"line":33,"column":2}}},"2":{"name":"RegistryPage","decl":{"start":{"line":52,"column":6},"end":{"line":52,"column":21}},"loc":{"start":{"line":52,"column":21},"end":{"line":52,"column":0}}}},"branchMap":{"0":{"loc":{"start":{"line":36,"column":19},"end":{"line":36,"column":7}},"type":"cond-expr","locations":[{"start":{"line":36,"column":19},"end":{"line":36,"column":7}},{"start":{"line":36,"column":63},"end":{"line":34,"column":4}}]},"1":{"loc":{"start":{"line":38,"column":8},"end":{"line":37,"column":7}},"type":"cond-expr","locations":[{"start":{"line":38,"column":8},"end":{"line":37,"column":7}},{"start":{"line":45,"column":8},"end":{"line":34,"column":4}}]},"2":{"loc":{"start":{"line":47,"column":17},"end":{"line":47,"column":7}},"type":"cond-expr","locations":[{"start":{"line":47,"column":17},"end":{"line":47,"column":7}},{"start":{"line":47,"column":47},"end":{"line":34,"column":4}}]},"3":{"loc":{"start":{"line":48,"column":17},"end":{"line":48,"column":7}},"type":"cond-expr","locations":[{"start":{"line":48,"column":17},"end":{"line":48,"column":7}},{"start":{"line":48,"column":47},"end":{"line":34,"column":4}}]}},"s":{"0":0,"1":0,"2":0,"3":0,"4":0,"5":0},"f":{"0":0,"1":0,"2":0},"b":{"0":[0,0],"1":[0,0],"2":[0,0],"3":[0,0]}}
,"/Users/raymondyeh/Desktop/DLT/website/src/components/ViewerPageContainer.js": {"path":"/Users/raymondyeh/Desktop/DLT/website/src/components/ViewerPageContainer.js","statementMap":{"0":{"start":{"line":1,"column":0},"end":{"line":null,"column":-1}},"1":{"start":{"line":2,"column":0},"end":{"line":null,"column":-1}},"2":{"start":{"line":3,"column":0},"end":{"line":null,"column":-1}},"3":{"start":{"line":4,"column":0},"end":{"line":null,"column":-1}},"4":{"start":{"line":5,"column":0},"end":{"line":null,"column":-1}},"5":{"start":{"line":7,"column":0},"end":{"line":null,"column":-1}},"6":{"start":{"line":20,"column":0},"end":{"line":null,"column":-1}},"7":{"start":{"line":23,"column":21},"end":{"line":null,"column":-1}},"8":{"start":{"line":24,"column":4},"end":{"line":null,"column":-1}},"9":{"start":{"line":26,"column":4},"end":{"line":null,"column":-1}},"10":{"start":{"line":30,"column":4},"end":{"line":null,"column":-1}},"11":{"start":{"line":31,"column":4},"end":{"line":null,"column":-1}},"12":{"start":{"line":32,"column":4},"end":{"line":null,"column":-1}},"13":{"start":{"line":36,"column":25},"end":{"line":35,"column":22}},"14":{"start":{"line":37,"column":4},"end":{"line":39,"column":5}},"15":{"start":{"line":38,"column":6},"end":{"line":null,"column":-1}},"16":{"start":{"line":43,"column":4},"end":{"line":null,"column":-1}},"17":{"start":{"line":44,"column":4},"end":{"line":null,"column":-1}},"18":{"start":{"line":48,"column":4},"end":{"line":null,"column":-1}},"19":{"start":{"line":51,"column":44},"end":{"line":51,"column":43}},"20":{"start":{"line":52,"column":4},"end":{"line":null,"column":-1}},"21":{"start":{"line":56,"column":4},"end":{"line":56,"column":30}},"22":{"start":{"line":56,"column":30},"end":{"line":null,"column":-1}},"23":{"start":{"line":57,"column":4},"end":{"line":null,"column":-1}},"24":{"start":{"line":77,"column":24},"end":{"line":77,"column":0}},"25":{"start":{"line":77,"column":29},"end":{"line":null,"column":-1}},"26":{"start":{"line":91,"column":27},"end":{"line":91,"column":0}},"27":{"start":{"line":91,"column":35},"end":{"line":null,"column":-1}},"28":{"start":{"line":92,"column":28},"end":{"line":null,"column":-1}},"29":{"start":{"line":93,"column":26},"end":{"line":null,"column":-1}},"30":{"start":{"line":94,"column":24},"end":{"line":null,"column":-1}},"31":{"start":{"line":102,"column":0},"end":{"line":null,"column":-1}}},"fnMap":{"0":{"name":"MainPageContainer","decl":{"start":{"line":23,"column":2},"end":{"line":23,"column":13}},"loc":{"start":{"line":23,"column":21},"end":{"line":33,"column":3}}},"1":{"name":"mapStateToProps","decl":{"start":{"line":77,"column":6},"end":{"line":77,"column":24}},"loc":{"start":{"line":77,"column":29},"end":{"line":77,"column":0}}},"2":{"name":"mapDispatchToProps","decl":{"start":{"line":91,"column":6},"end":{"line":91,"column":27}},"loc":{"start":{"line":91,"column":35},"end":{"line":91,"column":0}}},"3":{"name":"updateCertificate","decl":{"start":{"line":92,"column":21},"end":{"line":92,"column":20}},"loc":{"start":{"line":92,"column":28},"end":{"line":91,"column":40}}},"4":{"name":"sendCertificate","decl":{"start":{"line":93,"column":19},"end":{"line":93,"column":18}},"loc":{"start":{"line":93,"column":26},"end":{"line":91,"column":40}}},"5":{"name":"sendCertificateReset","decl":{"start":{"line":94,"column":24},"end":{"line":null,"column":-1}},"loc":{"start":{"line":94,"column":24},"end":{"line":null,"column":-1}}}},"branchMap":{"0":{"loc":{"start":{"line":37,"column":4},"end":{"line":39,"column":5}},"type":"if","locations":[{"start":{"line":37,"column":4},"end":{"line":39,"column":5}},{"start":{"line":37,"column":4},"end":{"line":39,"column":5}}]},"1":{"loc":{"start":{"line":56,"column":4},"end":{"line":56,"column":30}},"type":"if","locations":[{"start":{"line":56,"column":4},"end":{"line":56,"column":30}},{"start":{"line":56,"column":4},"end":{"line":56,"column":30}}]}},"s":{"0":0,"1":0,"2":0,"3":0,"4":0,"5":0,"6":0,"7":0,"8":0,"9":0,"10":0,"11":0,"12":0,"13":0,"14":0,"15":0,"16":0,"17":0,"18":0,"19":0,"20":0,"21":0,"22":0,"23":0,"24":0,"25":0,"26":0,"27":0,"28":0,"29":0,"30":0,"31":0},"f":{"0":0,"1":0,"2":0,"3":0,"4":0,"5":0},"b":{"0":[0,0],"1":[0,0]}}
,"/Users/raymondyeh/Desktop/DLT/website/src/components/CertificateDropZone/CertificateDropZone.js": {"path":"/Users/raymondyeh/Desktop/DLT/website/src/components/CertificateDropZone/CertificateDropZone.js","statementMap":{"0":{"start":{"line":1,"column":0},"end":{"line":null,"column":-1}},"1":{"start":{"line":2,"column":0},"end":{"line":null,"column":-1}},"2":{"start":{"line":4,"column":0},"end":{"line":null,"column":-1}},"3":{"start":{"line":5,"column":0},"end":{"line":null,"column":-1}},"4":{"start":{"line":6,"column":0},"end":{"line":null,"column":-1}},"5":{"start":{"line":8,"column":30},"end":{"line":8,"column":0}},"6":{"start":{"line":20,"column":6},"end":{"line":8,"column":39}},"7":{"start":{"line":21,"column":2},"end":{"line":23,"column":3}},"8":{"start":{"line":22,"column":4},"end":{"line":null,"column":-1}},"9":{"start":{"line":24,"column":2},"end":{"line":26,"column":3}},"10":{"start":{"line":25,"column":4},"end":{"line":null,"column":-1}},"11":{"start":{"line":27,"column":2},"end":{"line":29,"column":3}},"12":{"start":{"line":28,"column":4},"end":{"line":null,"column":-1}},"13":{"start":{"line":30,"column":2},"end":{"line":46,"column":3}},"14":{"start":{"line":37,"column":4},"end":{"line":null,"column":-1}},"15":{"start":{"line":47,"column":2},"end":{"line":null,"column":-1}},"16":{"start":{"line":51,"column":35},"end":{"line":51,"column":0}},"17":{"start":{"line":51,"column":50},"end":{"line":null,"column":-1}},"18":{"start":{"line":51,"column":59},"end":{"line":null,"column":-1}},"19":{"start":{"line":54,"column":19},"end":{"line":54,"column":0}},"20":{"start":{"line":56,"column":17},"end":{"line":56,"column":2}},"21":{"start":{"line":57,"column":2},"end":{"line":null,"column":-1}},"22":{"start":{"line":58,"column":4},"end":{"line":65,"column":5}},"23":{"start":{"line":59,"column":19},"end":{"line":59,"column":6}},"24":{"start":{"line":60,"column":6},"end":{"line":null,"column":-1}},"25":{"start":{"line":64,"column":8},"end":{"line":null,"column":-1}},"26":{"start":{"line":67,"column":2},"end":{"line":68,"column":4}},"27":{"start":{"line":68,"column":4},"end":{"line":null,"column":-1}},"28":{"start":{"line":68,"column":23},"end":{"line":null,"column":-1}},"29":{"start":{"line":71,"column":28},"end":{"line":71,"column":0}},"30":{"start":{"line":71,"column":28},"end":{"line":71,"column":27}},"31":{"start":{"line":71,"column":28},"end":{"line":null,"column":-1}},"32":{"start":{"line":84,"column":25},"end":{"line":null,"column":-1}},"33":{"start":{"line":103,"column":0},"end":{"line":null,"column":-1}},"34":{"start":{"line":116,"column":0},"end":{"line":null,"column":-1}}},"fnMap":{"0":{"name":"renderDropzoneContent","decl":{"start":{"line":8,"column":6},"end":{"line":8,"column":30}},"loc":{"start":{"line":8,"column":39},"end":{"line":8,"column":0}}},"1":{"name":"renderDropzoneContentCurry","decl":{"start":{"line":51,"column":6},"end":{"line":51,"column":35}},"loc":{"start":{"line":51,"column":50},"end":{"line":51,"column":0}}},"2":{"name":"(anonymous_7)","decl":{"start":{"line":51,"column":54},"end":{"line":51,"column":53}},"loc":{"start":{"line":51,"column":59},"end":{"line":51,"column":50}}},"3":{"name":"onFileDrop","decl":{"start":{"line":54,"column":6},"end":{"line":54,"column":19}},"loc":{"start":{"line":54,"column":63},"end":{"line":54,"column":0}}},"4":{"name":"(anonymous_9)","decl":{"start":{"line":57,"column":18},"end":{"line":57,"column":23}},"loc":{"start":{"line":57,"column":24},"end":{"line":57,"column":2}}},"5":{"name":"(anonymous_10)","decl":{"start":{"line":68,"column":22},"end":{"line":68,"column":21}},"loc":{"start":{"line":68,"column":23},"end":{"line":68,"column":4}}},"6":{"name":"CertificateDropzone","decl":{"start":{"line":71,"column":6},"end":{"line":71,"column":28}},"loc":{"start":{"line":71,"column":28},"end":{"line":71,"column":0}}},"7":{"name":"onDrop","decl":{"start":{"line":84,"column":12},"end":{"line":84,"column":11}},"loc":{"start":{"line":84,"column":25},"end":{"line":82,"column":2}}}},"branchMap":{"0":{"loc":{"start":{"line":21,"column":2},"end":{"line":23,"column":3}},"type":"if","locations":[{"start":{"line":21,"column":2},"end":{"line":23,"column":3}},{"start":{"line":21,"column":2},"end":{"line":23,"column":3}}]},"1":{"loc":{"start":{"line":24,"column":2},"end":{"line":26,"column":3}},"type":"if","locations":[{"start":{"line":24,"column":2},"end":{"line":26,"column":3}},{"start":{"line":24,"column":2},"end":{"line":26,"column":3}}]},"2":{"loc":{"start":{"line":27,"column":2},"end":{"line":29,"column":3}},"type":"if","locations":[{"start":{"line":27,"column":2},"end":{"line":29,"column":3}},{"start":{"line":27,"column":2},"end":{"line":29,"column":3}}]},"3":{"loc":{"start":{"line":30,"column":2},"end":{"line":46,"column":3}},"type":"if","locations":[{"start":{"line":30,"column":2},"end":{"line":46,"column":3}},{"start":{"line":30,"column":2},"end":{"line":46,"column":3}}]},"4":{"loc":{"start":{"line":31,"column":4},"end":{"line":31,"column":12}},"type":"binary-expr","locations":[{"start":{"line":31,"column":4},"end":{"line":31,"column":12}},{"start":{"line":32,"column":5},"end":{"line":32,"column":4}},{"start":{"line":33,"column":6},"end":{"line":32,"column":5}},{"start":{"line":34,"column":6},"end":{"line":32,"column":5}},{"start":{"line":35,"column":6},"end":{"line":31,"column":12}}]},"5":{"loc":{"start":{"line":67,"column":2},"end":{"line":68,"column":4}},"type":"if","locations":[{"start":{"line":67,"column":2},"end":{"line":68,"column":4}},{"start":{"line":67,"column":2},"end":{"line":68,"column":4}}]},"6":{"loc":{"start":{"line":67,"column":6},"end":{"line":67,"column":19}},"type":"binary-expr","locations":[{"start":{"line":67,"column":6},"end":{"line":67,"column":19}},{"start":{"line":67,"column":23},"end":{"line":67,"column":6}},{"start":{"line":67,"column":47},"end":{"line":67,"column":2}}]}},"s":{"0":0,"1":0,"2":0,"3":0,"4":0,"5":0,"6":0,"7":0,"8":0,"9":0,"10":0,"11":0,"12":0,"13":0,"14":0,"15":0,"16":0,"17":0,"18":0,"19":0,"20":0,"21":0,"22":0,"23":0,"24":0,"25":0,"26":0,"27":0,"28":0,"29":0,"30":0,"31":0,"32":0,"33":0,"34":0},"f":{"0":0,"1":0,"2":0,"3":0,"4":0,"5":0,"6":0,"7":0},"b":{"0":[0,0],"1":[0,0],"2":[0,0],"3":[0,0],"4":[0,0,0,0,0],"5":[0,0],"6":[0,0,0]}}
,"/Users/raymondyeh/Desktop/DLT/website/src/components/CertificateDropZone/CertificateDropZoneContainer.js": {"path":"/Users/raymondyeh/Desktop/DLT/website/src/components/CertificateDropZone/CertificateDropZoneContainer.js","statementMap":{"0":{"start":{"line":1,"column":0},"end":{"line":null,"column":-1}},"1":{"start":{"line":2,"column":0},"end":{"line":null,"column":-1}},"2":{"start":{"line":3,"column":0},"end":{"line":null,"column":-1}},"3":{"start":{"line":4,"column":0},"end":{"line":null,"column":-1}},"4":{"start":{"line":5,"column":0},"end":{"line":null,"column":-1}},"5":{"start":{"line":15,"column":0},"end":{"line":null,"column":-1}},"6":{"start":{"line":16,"column":0},"end":{"line":null,"column":-1}},"7":{"start":{"line":19,"column":21},"end":{"line":null,"column":-1}},"8":{"start":{"line":20,"column":4},"end":{"line":null,"column":-1}},"9":{"start":{"line":22,"column":4},"end":{"line":null,"column":-1}},"10":{"start":{"line":26,"column":4},"end":{"line":null,"column":-1}},"11":{"start":{"line":27,"column":4},"end":{"line":null,"column":-1}},"12":{"start":{"line":31,"column":4},"end":{"line":null,"column":-1}},"13":{"start":{"line":35,"column":4},"end":{"line":null,"column":-1}},"14":{"start":{"line":50,"column":24},"end":{"line":50,"column":0}},"15":{"start":{"line":50,"column":29},"end":{"line":null,"column":-1}},"16":{"start":{"line":62,"column":27},"end":{"line":62,"column":0}},"17":{"start":{"line":62,"column":35},"end":{"line":null,"column":-1}},"18":{"start":{"line":63,"column":19},"end":{"line":null,"column":-1}},"19":{"start":{"line":64,"column":28},"end":{"line":null,"column":-1}},"20":{"start":{"line":72,"column":0},"end":{"line":null,"column":-1}}},"fnMap":{"0":{"name":"CertificateDropZoneContainer","decl":{"start":{"line":19,"column":2},"end":{"line":19,"column":13}},"loc":{"start":{"line":19,"column":21},"end":{"line":23,"column":3}}},"1":{"name":"mapStateToProps","decl":{"start":{"line":50,"column":6},"end":{"line":50,"column":24}},"loc":{"start":{"line":50,"column":29},"end":{"line":50,"column":0}}},"2":{"name":"mapDispatchToProps","decl":{"start":{"line":62,"column":6},"end":{"line":62,"column":27}},"loc":{"start":{"line":62,"column":35},"end":{"line":62,"column":0}}},"3":{"name":"updateNetworkId","decl":{"start":{"line":63,"column":19},"end":{"line":null,"column":-1}},"loc":{"start":{"line":63,"column":19},"end":{"line":62,"column":40}}},"4":{"name":"updateCertificate","decl":{"start":{"line":64,"column":21},"end":{"line":64,"column":20}},"loc":{"start":{"line":64,"column":28},"end":{"line":null,"column":-1}}}},"branchMap":{},"s":{"0":0,"1":0,"2":0,"3":0,"4":0,"5":0,"6":0,"7":0,"8":0,"9":0,"10":0,"11":0,"12":0,"13":0,"14":0,"15":0,"16":0,"17":0,"18":0,"19":0,"20":0},"f":{"0":0,"1":0,"2":0,"3":0,"4":0},"b":{}}
,"/Users/raymondyeh/Desktop/DLT/website/src/components/CertificateDropZone/index.js": {"path":"/Users/raymondyeh/Desktop/DLT/website/src/components/CertificateDropZone/index.js","statementMap":{"0":{"start":{"line":1,"column":0},"end":{"line":null,"column":-1}}},"fnMap":{},"branchMap":{},"s":{"0":0},"f":{},"b":{}}
,"/Users/raymondyeh/Desktop/DLT/website/src/components/CertificateDropZone/Views/DefaultView.js": {"path":"/Users/raymondyeh/Desktop/DLT/website/src/components/CertificateDropZone/Views/DefaultView.js","statementMap":{"0":{"start":{"line":1,"column":0},"end":{"line":null,"column":-1}},"1":{"start":{"line":2,"column":0},"end":{"line":null,"column":-1}},"2":{"start":{"line":4,"column":13},"end":{"line":4,"column":0}},"3":{"start":{"line":4,"column":13},"end":{"line":4,"column":12}},"4":{"start":{"line":4,"column":13},"end":{"line":null,"column":-1}},"5":{"start":{"line":47,"column":0},"end":{"line":null,"column":-1}}},"fnMap":{"0":{"name":"View","decl":{"start":{"line":4,"column":6},"end":{"line":4,"column":13}},"loc":{"start":{"line":4,"column":13},"end":{"line":4,"column":0}}}},"branchMap":{"0":{"loc":{"start":{"line":8,"column":15},"end":{"line":8,"column":11}},"type":"cond-expr","locations":[{"start":{"line":8,"column":15},"end":{"line":8,"column":11}},{"start":{"line":8,"column":52},"end":{"line":6,"column":13}}]},"1":{"loc":{"start":{"line":8,"column":24},"end":{"line":8,"column":21}},"type":"cond-expr","locations":[{"start":{"line":8,"column":24},"end":{"line":8,"column":21}},{"start":{"line":8,"column":37},"end":{"line":8,"column":11}}]}},"s":{"0":0,"1":0,"2":0,"3":0,"4":0,"5":0},"f":{"0":0},"b":{"0":[0,0],"1":[0,0]}}
,"/Users/raymondyeh/Desktop/DLT/website/src/components/CertificateDropZone/Views/UnverifiedView.js": {"path":"/Users/raymondyeh/Desktop/DLT/website/src/components/CertificateDropZone/Views/UnverifiedView.js","statementMap":{"0":{"start":{"line":1,"column":0},"end":{"line":null,"column":-1}},"1":{"start":{"line":2,"column":0},"end":{"line":null,"column":-1}},"2":{"start":{"line":3,"column":0},"end":{"line":null,"column":-1}},"3":{"start":{"line":5,"column":13},"end":{"line":5,"column":0}},"4":{"start":{"line":10,"column":6},"end":{"line":10,"column":5}},"5":{"start":{"line":12,"column":4},"end":{"line":11,"column":2}},"6":{"start":{"line":13,"column":2},"end":{"line":null,"column":-1}},"7":{"start":{"line":81,"column":14},"end":{"line":null,"column":-1}},"8":{"start":{"line":82,"column":14},"end":{"line":null,"column":-1}},"9":{"start":{"line":83,"column":14},"end":{"line":null,"column":-1}},"10":{"start":{"line":96,"column":0},"end":{"line":null,"column":-1}}},"fnMap":{"0":{"name":"View","decl":{"start":{"line":5,"column":6},"end":{"line":5,"column":13}},"loc":{"start":{"line":10,"column":6},"end":{"line":5,"column":0}}},"1":{"name":"onClick","decl":{"start":{"line":80,"column":21},"end":{"line":80,"column":20}},"loc":{"start":{"line":80,"column":26},"end":{"line":79,"column":10}}}},"branchMap":{"0":{"loc":{"start":{"line":12,"column":4},"end":{"line":12,"column":3}},"type":"binary-expr","locations":[{"start":{"line":12,"column":4},"end":{"line":12,"column":3}},{"start":{"line":12,"column":27},"end":{"line":12,"column":4}},{"start":{"line":12,"column":52},"end":{"line":11,"column":2}}]},"1":{"loc":{"start":{"line":17,"column":20},"end":{"line":17,"column":17}},"type":"cond-expr","locations":[{"start":{"line":17,"column":20},"end":{"line":17,"column":17}},{"start":{"line":17,"column":34},"end":{"line":16,"column":15}}]},"2":{"loc":{"start":{"line":20,"column":37},"end":{"line":20,"column":34}},"type":"cond-expr","locations":[{"start":{"line":20,"column":37},"end":{"line":20,"column":34}},{"start":{"line":20,"column":49},"end":{"line":19,"column":13}}]},"3":{"loc":{"start":{"line":26,"column":10},"end":{"line":25,"column":18}},"type":"cond-expr","locations":[{"start":{"line":26,"column":10},"end":{"line":25,"column":18}},{"start":{"line":28,"column":10},"end":{"line":24,"column":6}}]},"4":{"loc":{"start":{"line":31,"column":36},"end":{"line":31,"column":33}},"type":"cond-expr","locations":[{"start":{"line":31,"column":36},"end":{"line":31,"column":33}},{"start":{"line":31,"column":48},"end":{"line":31,"column":19}}]},"5":{"loc":{"start":{"line":35,"column":14},"end":{"line":34,"column":20}},"type":"cond-expr","locations":[{"start":{"line":35,"column":14},"end":{"line":34,"column":20}},{"start":{"line":36,"column":14},"end":{"line":30,"column":8}}]},"6":{"loc":{"start":{"line":42,"column":10},"end":{"line":41,"column":9}},"type":"cond-expr","locations":[{"start":{"line":42,"column":10},"end":{"line":41,"column":9}},{"start":{"line":45,"column":12},"end":{"line":40,"column":6}}]},"7":{"loc":{"start":{"line":48,"column":10},"end":{"line":47,"column":9}},"type":"cond-expr","locations":[{"start":{"line":48,"column":10},"end":{"line":47,"column":9}},{"start":{"line":49,"column":12},"end":{"line":40,"column":6}}]},"8":{"loc":{"start":{"line":52,"column":10},"end":{"line":51,"column":9}},"type":"cond-expr","locations":[{"start":{"line":52,"column":10},"end":{"line":51,"column":9}},{"start":{"line":53,"column":12},"end":{"line":40,"column":6}}]},"9":{"loc":{"start":{"line":56,"column":10},"end":{"line":55,"column":9}},"type":"cond-expr","locations":[{"start":{"line":56,"column":10},"end":{"line":55,"column":9}},{"start":{"line":65,"column":12},"end":{"line":40,"column":6}}]},"10":{"loc":{"start":{"line":79,"column":10},"end":{"line":78,"column":18}},"type":"cond-expr","locations":[{"start":{"line":79,"column":10},"end":{"line":78,"column":18}},{"start":{"line":89,"column":10},"end":{"line":74,"column":6}}]}},"s":{"0":0,"1":0,"2":0,"3":0,"4":0,"5":0,"6":0,"7":0,"8":0,"9":0,"10":0},"f":{"0":0,"1":0},"b":{"0":[0,0,0],"1":[0,0],"2":[0,0],"3":[0,0],"4":[0,0],"5":[0,0],"6":[0,0],"7":[0,0],"8":[0,0],"9":[0,0],"10":[0,0]}}
,"/Users/raymondyeh/Desktop/DLT/website/src/components/CertificateDropZone/Views/VerifyingView.js": {"path":"/Users/raymondyeh/Desktop/DLT/website/src/components/CertificateDropZone/Views/VerifyingView.js","statementMap":{"0":{"start":{"line":1,"column":0},"end":{"line":null,"column":-1}},"1":{"start":{"line":3,"column":13},"end":{"line":3,"column":0}},"2":{"start":{"line":3,"column":41},"end":{"line":3,"column":40}},"3":{"start":{"line":5,"column":4},"end":{"line":4,"column":2}},"4":{"start":{"line":9,"column":2},"end":{"line":19,"column":3}},"5":{"start":{"line":10,"column":4},"end":{"line":18,"column":5}},"6":{"start":{"line":11,"column":6},"end":{"line":null,"column":-1}},"7":{"start":{"line":12,"column":11},"end":{"line":18,"column":5}},"8":{"start":{"line":13,"column":6},"end":{"line":null,"column":-1}},"9":{"start":{"line":17,"column":6},"end":{"line":null,"column":-1}},"10":{"start":{"line":21,"column":2},"end":{"line":null,"column":-1}},"11":{"start":{"line":42,"column":0},"end":{"line":null,"column":-1}}},"fnMap":{"0":{"name":"View","decl":{"start":{"line":3,"column":6},"end":{"line":3,"column":13}},"loc":{"start":{"line":3,"column":41},"end":{"line":3,"column":0}}}},"branchMap":{"0":{"loc":{"start":{"line":5,"column":4},"end":{"line":5,"column":22}},"type":"binary-expr","locations":[{"start":{"line":5,"column":4},"end":{"line":5,"column":22}},{"start":{"line":5,"column":26},"end":{"line":4,"column":2}}]},"1":{"loc":{"start":{"line":9,"column":2},"end":{"line":19,"column":3}},"type":"if","locations":[{"start":{"line":9,"column":2},"end":{"line":19,"column":3}},{"start":{"line":9,"column":2},"end":{"line":19,"column":3}}]},"2":{"loc":{"start":{"line":9,"column":6},"end":{"line":9,"column":16}},"type":"binary-expr","locations":[{"start":{"line":9,"column":6},"end":{"line":9,"column":16}},{"start":{"line":9,"column":20},"end":{"line":9,"column":2}}]},"3":{"loc":{"start":{"line":10,"column":4},"end":{"line":18,"column":5}},"type":"if","locations":[{"start":{"line":10,"column":4},"end":{"line":18,"column":5}},{"start":{"line":10,"column":4},"end":{"line":18,"column":5}}]},"4":{"loc":{"start":{"line":10,"column":8},"end":{"line":10,"column":7}},"type":"binary-expr","locations":[{"start":{"line":10,"column":8},"end":{"line":10,"column":7}},{"start":{"line":10,"column":31},"end":{"line":10,"column":4}}]},"5":{"loc":{"start":{"line":12,"column":11},"end":{"line":18,"column":5}},"type":"if","locations":[{"start":{"line":12,"column":11},"end":{"line":18,"column":5}},{"start":{"line":12,"column":11},"end":{"line":18,"column":5}}]},"6":{"loc":{"start":{"line":31,"column":8},"end":{"line":30,"column":7}},"type":"cond-expr","locations":[{"start":{"line":31,"column":8},"end":{"line":30,"column":7}},{"start":{"line":35,"column":10},"end":{"line":22,"column":4}}]},"7":{"loc":{"start":{"line":30,"column":7},"end":{"line":30,"column":17}},"type":"binary-expr","locations":[{"start":{"line":30,"column":7},"end":{"line":30,"column":17}},{"start":{"line":30,"column":21},"end":{"line":30,"column":7}}]}},"s":{"0":0,"1":0,"2":0,"3":0,"4":0,"5":0,"6":0,"7":0,"8":0,"9":0,"10":0,"11":0},"f":{"0":0},"b":{"0":[0,0],"1":[0,0],"2":[0,0],"3":[0,0],"4":[0,0],"5":[0,0],"6":[0,0],"7":[0,0]}}
,"/Users/raymondyeh/Desktop/DLT/website/src/components/CertificateSharing/CertificateSharingForm.js": {"path":"/Users/raymondyeh/Desktop/DLT/website/src/components/CertificateSharing/CertificateSharingForm.js","statementMap":{"0":{"start":{"line":1,"column":0},"end":{"line":null,"column":-1}},"1":{"start":{"line":2,"column":0},"end":{"line":null,"column":-1}},"2":{"start":{"line":3,"column":0},"end":{"line":null,"column":-1}},"3":{"start":{"line":4,"column":0},"end":{"line":null,"column":-1}},"4":{"start":{"line":5,"column":0},"end":{"line":null,"column":-1}},"5":{"start":{"line":6,"column":0},"end":{"line":null,"column":-1}},"6":{"start":{"line":9,"column":21},"end":{"line":null,"column":-1}},"7":{"start":{"line":10,"column":4},"end":{"line":null,"column":-1}},"8":{"start":{"line":12,"column":4},"end":{"line":null,"column":-1}},"9":{"start":{"line":17,"column":4},"end":{"line":null,"column":-1}},"10":{"start":{"line":18,"column":4},"end":{"line":null,"column":-1}},"11":{"start":{"line":19,"column":4},"end":{"line":null,"column":-1}},"12":{"start":{"line":23,"column":4},"end":{"line":null,"column":-1}},"13":{"start":{"line":27,"column":4},"end":{"line":null,"column":-1}},"14":{"start":{"line":31,"column":57},"end":{"line":30,"column":15}},"15":{"start":{"line":30,"column":15},"end":{"line":30,"column":14}},"16":{"start":{"line":32,"column":4},"end":{"line":37,"column":5}},"17":{"start":{"line":33,"column":6},"end":{"line":null,"column":-1}},"18":{"start":{"line":41,"column":34},"end":{"line":40,"column":11}},"19":{"start":{"line":42,"column":4},"end":{"line":null,"column":-1}},"20":{"start":{"line":103,"column":0},"end":{"line":null,"column":-1}}},"fnMap":{"0":{"name":"CertificateSharingForm","decl":{"start":{"line":9,"column":2},"end":{"line":9,"column":13}},"loc":{"start":{"line":9,"column":21},"end":{"line":20,"column":3}}}},"branchMap":{"0":{"loc":{"start":{"line":32,"column":4},"end":{"line":37,"column":5}},"type":"if","locations":[{"start":{"line":32,"column":4},"end":{"line":37,"column":5}},{"start":{"line":32,"column":4},"end":{"line":37,"column":5}}]},"1":{"loc":{"start":{"line":69,"column":14},"end":{"line":68,"column":13}},"type":"cond-expr","locations":[{"start":{"line":69,"column":14},"end":{"line":68,"column":13}},{"start":{"line":73,"column":14},"end":{"line":46,"column":10}}]},"2":{"loc":{"start":{"line":76,"column":14},"end":{"line":75,"column":13}},"type":"cond-expr","locations":[{"start":{"line":76,"column":14},"end":{"line":75,"column":13}},{"start":{"line":80,"column":14},"end":{"line":46,"column":10}}]},"3":{"loc":{"start":{"line":90,"column":18},"end":{"line":89,"column":17}},"type":"cond-expr","locations":[{"start":{"line":90,"column":18},"end":{"line":89,"column":17}},{"start":{"line":92,"column":18},"end":{"line":83,"column":14}}]}},"s":{"0":0,"1":0,"2":0,"3":0,"4":0,"5":0,"6":0,"7":0,"8":0,"9":0,"10":0,"11":0,"12":0,"13":0,"14":0,"15":0,"16":0,"17":0,"18":0,"19":0,"20":0},"f":{"0":0},"b":{"0":[0,0],"1":[0,0],"2":[0,0],"3":[0,0]}}
,"/Users/raymondyeh/Desktop/DLT/website/src/components/CertificateTemplates/index.js": {"path":"/Users/raymondyeh/Desktop/DLT/website/src/components/CertificateTemplates/index.js","statementMap":{"0":{"start":{"line":1,"column":0},"end":{"line":null,"column":-1}},"1":{"start":{"line":2,"column":0},"end":{"line":null,"column":-1}},"2":{"start":{"line":4,"column":18},"end":{"line":4,"column":0}}},"fnMap":{},"branchMap":{},"s":{"0":0,"1":0,"2":0},"f":{},"b":{}}
,"/Users/raymondyeh/Desktop/DLT/website/src/components/CertificateTemplates/Default/certificate.js": {"path":"/Users/raymondyeh/Desktop/DLT/website/src/components/CertificateTemplates/Default/certificate.js","statementMap":{"0":{"start":{"line":1,"column":0},"end":{"line":null,"column":-1}},"1":{"start":{"line":3,"column":17},"end":{"line":3,"column":0}},"2":{"start":{"line":4,"column":26},"end":{"line":4,"column":2}},"3":{"start":{"line":5,"column":24},"end":{"line":5,"column":2}},"4":{"start":{"line":6,"column":19},"end":{"line":6,"column":2}},"5":{"start":{"line":7,"column":20},"end":{"line":7,"column":2}},"6":{"start":{"line":8,"column":24},"end":{"line":8,"column":2}},"7":{"start":{"line":9,"column":25},"end":{"line":9,"column":2}},"8":{"start":{"line":11,"column":24},"end":{"line":11,"column":2}},"9":{"start":{"line":12,"column":23},"end":{"line":12,"column":2}},"10":{"start":{"line":13,"column":25},"end":{"line":13,"column":2}},"11":{"start":{"line":14,"column":25},"end":{"line":14,"column":2}},"12":{"start":{"line":16,"column":21},"end":{"line":16,"column":2}},"13":{"start":{"line":17,"column":24},"end":{"line":17,"column":2}},"14":{"start":{"line":18,"column":20},"end":{"line":18,"column":2}},"15":{"start":{"line":19,"column":22},"end":{"line":19,"column":2}},"16":{"start":{"line":20,"column":20},"end":{"line":20,"column":2}},"17":{"start":{"line":22,"column":25},"end":{"line":22,"column":2}},"18":{"start":{"line":23,"column":28},"end":{"line":23,"column":2}},"19":{"start":{"line":23,"column":47},"end":{"line":null,"column":-1}},"20":{"start":{"line":32,"column":2},"end":{"line":null,"column":-1}}},"fnMap":{"0":{"name":"Template","decl":{"start":{"line":3,"column":6},"end":{"line":3,"column":17}},"loc":{"start":{"line":3,"column":32},"end":{"line":3,"column":0}}},"1":{"name":"(anonymous_2)","decl":{"start":{"line":23,"column":47},"end":{"line":23,"column":47}},"loc":{"start":{"line":23,"column":47},"end":{"line":23,"column":28}}}},"branchMap":{"0":{"loc":{"start":{"line":39,"column":11},"end":{"line":39,"column":24}},"type":"binary-expr","locations":[{"start":{"line":39,"column":11},"end":{"line":39,"column":24}},{"start":{"line":39,"column":24},"end":{"line":38,"column":8}}]},"1":{"loc":{"start":{"line":41,"column":32},"end":{"line":41,"column":40}},"type":"binary-expr","locations":[{"start":{"line":41,"column":32},"end":{"line":41,"column":40}},{"start":{"line":41,"column":40},"end":{"line":41,"column":8}}]},"2":{"loc":{"start":{"line":42,"column":32},"end":{"line":42,"column":41}},"type":"binary-expr","locations":[{"start":{"line":42,"column":32},"end":{"line":42,"column":41}},{"start":{"line":42,"column":41},"end":{"line":42,"column":8}}]},"3":{"loc":{"start":{"line":44,"column":11},"end":{"line":44,"column":24}},"type":"binary-expr","locations":[{"start":{"line":44,"column":11},"end":{"line":44,"column":24}},{"start":{"line":44,"column":24},"end":{"line":43,"column":8}}]},"4":{"loc":{"start":{"line":47,"column":11},"end":{"line":47,"column":25}},"type":"binary-expr","locations":[{"start":{"line":47,"column":11},"end":{"line":47,"column":25}},{"start":{"line":47,"column":25},"end":{"line":46,"column":8}}]},"5":{"loc":{"start":{"line":53,"column":11},"end":{"line":53,"column":23}},"type":"binary-expr","locations":[{"start":{"line":53,"column":11},"end":{"line":53,"column":23}},{"start":{"line":53,"column":27},"end":{"line":51,"column":8}}]},"6":{"loc":{"start":{"line":54,"column":11},"end":{"line":54,"column":24}},"type":"binary-expr","locations":[{"start":{"line":54,"column":11},"end":{"line":54,"column":24}},{"start":{"line":54,"column":28},"end":{"line":51,"column":8}}]},"7":{"loc":{"start":{"line":55,"column":11},"end":{"line":55,"column":25}},"type":"binary-expr","locations":[{"start":{"line":55,"column":11},"end":{"line":55,"column":25}},{"start":{"line":55,"column":29},"end":{"line":51,"column":8}}]},"8":{"loc":{"start":{"line":56,"column":11},"end":{"line":56,"column":25}},"type":"binary-expr","locations":[{"start":{"line":56,"column":11},"end":{"line":56,"column":25}},{"start":{"line":56,"column":29},"end":{"line":51,"column":8}}]},"9":{"loc":{"start":{"line":60,"column":11},"end":{"line":60,"column":24}},"type":"binary-expr","locations":[{"start":{"line":60,"column":11},"end":{"line":60,"column":24}},{"start":{"line":60,"column":28},"end":{"line":58,"column":8}}]},"10":{"loc":{"start":{"line":61,"column":11},"end":{"line":61,"column":20}},"type":"binary-expr","locations":[{"start":{"line":61,"column":11},"end":{"line":61,"column":20}},{"start":{"line":61,"column":24},"end":{"line":58,"column":8}}]},"11":{"loc":{"start":{"line":62,"column":11},"end":{"line":62,"column":21}},"type":"binary-expr","locations":[{"start":{"line":62,"column":11},"end":{"line":62,"column":21}},{"start":{"line":62,"column":25},"end":{"line":58,"column":8}}]},"12":{"loc":{"start":{"line":63,"column":11},"end":{"line":63,"column":20}},"type":"binary-expr","locations":[{"start":{"line":63,"column":11},"end":{"line":63,"column":20}},{"start":{"line":63,"column":24},"end":{"line":58,"column":8}}]},"13":{"loc":{"start":{"line":64,"column":11},"end":{"line":64,"column":22}},"type":"binary-expr","locations":[{"start":{"line":64,"column":11},"end":{"line":64,"column":22}},{"start":{"line":64,"column":26},"end":{"line":58,"column":8}}]},"14":{"loc":{"start":{"line":67,"column":7},"end":{"line":67,"column":6}},"type":"binary-expr","locations":[{"start":{"line":67,"column":7},"end":{"line":67,"column":6}},{"start":{"line":68,"column":8},"end":{"line":33,"column":4}}]}},"s":{"0":0,"1":0,"2":0,"3":0,"4":0,"5":0,"6":0,"7":0,"8":0,"9":0,"10":0,"11":0,"12":0,"13":0,"14":0,"15":0,"16":0,"17":0,"18":0,"19":0,"20":0},"f":{"0":0,"1":0},"b":{"0":[0,0],"1":[0,0],"2":[0,0],"3":[0,0],"4":[0,0],"5":[0,0],"6":[0,0],"7":[0,0],"8":[0,0],"9":[0,0],"10":[0,0],"11":[0,0],"12":[0,0],"13":[0,0],"14":[0,0]}}
,"/Users/raymondyeh/Desktop/DLT/website/src/components/CertificateTemplates/Default/index.js": {"path":"/Users/raymondyeh/Desktop/DLT/website/src/components/CertificateTemplates/Default/index.js","statementMap":{"0":{"start":{"line":1,"column":0},"end":{"line":null,"column":-1}},"1":{"start":{"line":3,"column":18},"end":{"line":3,"column":0}}},"fnMap":{},"branchMap":{},"s":{"0":0,"1":0},"f":{},"b":{}}
,"/Users/raymondyeh/Desktop/DLT/website/src/components/CertificateTemplates/NgeeAnnPolytechnic/certificate.js": {"path":"/Users/raymondyeh/Desktop/DLT/website/src/components/CertificateTemplates/NgeeAnnPolytechnic/certificate.js","statementMap":{"0":{"start":{"line":1,"column":23},"end":{"line":1,"column":0}},"1":{"start":{"line":5,"column":23},"end":{"line":5,"column":0}},"2":{"start":{"line":10,"column":22},"end":{"line":10,"column":0}},"3":{"start":{"line":13,"column":23},"end":{"line":13,"column":0}},"4":{"start":{"line":18,"column":17},"end":{"line":18,"column":0}},"5":{"start":{"line":18,"column":28},"end":{"line":null,"column":-1}}},"fnMap":{"0":{"name":"Template","decl":{"start":{"line":18,"column":6},"end":{"line":18,"column":17}},"loc":{"start":{"line":18,"column":28},"end":{"line":18,"column":0}}}},"branchMap":{},"s":{"0":0,"1":0,"2":0,"3":0,"4":0,"5":0},"f":{"0":0},"b":{}}
,"/Users/raymondyeh/Desktop/DLT/website/src/components/CertificateTemplates/NgeeAnnPolytechnic/index.js": {"path":"/Users/raymondyeh/Desktop/DLT/website/src/components/CertificateTemplates/NgeeAnnPolytechnic/index.js","statementMap":{"0":{"start":{"line":1,"column":0},"end":{"line":null,"column":-1}},"1":{"start":{"line":2,"column":0},"end":{"line":null,"column":-1}},"2":{"start":{"line":4,"column":18},"end":{"line":4,"column":0}},"3":{"start":{"line":17,"column":18},"end":{"line":17,"column":0}}},"fnMap":{},"branchMap":{},"s":{"0":0,"1":0,"2":0,"3":0},"f":{},"b":{}}
,"/Users/raymondyeh/Desktop/DLT/website/src/components/CertificateTemplates/NgeeAnnPolytechnic/transcript.js": {"path":"/Users/raymondyeh/Desktop/DLT/website/src/components/CertificateTemplates/NgeeAnnPolytechnic/transcript.js","statementMap":{"0":{"start":{"line":1,"column":0},"end":{"line":null,"column":-1}},"1":{"start":{"line":3,"column":23},"end":{"line":3,"column":0}},"2":{"start":{"line":8,"column":19},"end":{"line":8,"column":0}},"3":{"start":{"line":9,"column":2},"end":{"line":9,"column":19}},"4":{"start":{"line":9,"column":19},"end":{"line":null,"column":-1}},"5":{"start":{"line":10,"column":15},"end":{"line":10,"column":2}},"6":{"start":{"line":11,"column":17},"end":{"line":11,"column":2}},"7":{"start":{"line":25,"column":16},"end":{"line":25,"column":2}},"8":{"start":{"line":26,"column":15},"end":{"line":26,"column":2}},"9":{"start":{"line":27,"column":2},"end":{"line":null,"column":-1}},"10":{"start":{"line":30,"column":23},"end":{"line":30,"column":0}},"11":{"start":{"line":31,"column":22},"end":{"line":31,"column":2}},"12":{"start":{"line":31,"column":35},"end":{"line":null,"column":-1}},"13":{"start":{"line":38,"column":14},"end":{"line":38,"column":2}},"14":{"start":{"line":39,"column":15},"end":{"line":39,"column":2}},"15":{"start":{"line":40,"column":2},"end":{"line":null,"column":-1}},"16":{"start":{"line":62,"column":21},"end":{"line":62,"column":0}},"17":{"start":{"line":63,"column":17},"end":{"line":63,"column":2}},"18":{"start":{"line":64,"column":2},"end":{"line":null,"column":-1}},"19":{"start":{"line":83,"column":28},"end":{"line":83,"column":0}},"20":{"start":{"line":83,"column":28},"end":{"line":null,"column":-1}},"21":{"start":{"line":206,"column":25},"end":{"line":206,"column":0}},"22":{"start":{"line":208,"column":21},"end":{"line":208,"column":2}},"23":{"start":{"line":209,"column":26},"end":{"line":209,"column":2}},"24":{"start":{"line":210,"column":28},"end":{"line":210,"column":2}},"25":{"start":{"line":210,"column":69},"end":{"line":null,"column":-1}},"26":{"start":{"line":214,"column":2},"end":{"line":null,"column":-1}},"27":{"start":{"line":217,"column":26},"end":{"line":217,"column":0}},"28":{"start":{"line":217,"column":37},"end":{"line":null,"column":-1}},"29":{"start":{"line":250,"column":19},"end":{"line":250,"column":0}},"30":{"start":{"line":251,"column":15},"end":{"line":251,"column":2}},"31":{"start":{"line":252,"column":2},"end":{"line":null,"column":-1}},"32":{"start":{"line":257,"column":29},"end":{"line":257,"column":0}},"33":{"start":{"line":258,"column":17},"end":{"line":258,"column":2}},"34":{"start":{"line":259,"column":2},"end":{"line":null,"column":-1}},"35":{"start":{"line":266,"column":17},"end":{"line":266,"column":0}},"36":{"start":{"line":266,"column":28},"end":{"line":null,"column":-1}}},"fnMap":{"0":{"name":"formatDate","decl":{"start":{"line":8,"column":6},"end":{"line":8,"column":19}},"loc":{"start":{"line":8,"column":33},"end":{"line":8,"column":0}}},"1":{"name":"renderSemester","decl":{"start":{"line":30,"column":6},"end":{"line":30,"column":23}},"loc":{"start":{"line":30,"column":49},"end":{"line":30,"column":0}}},"2":{"name":"(anonymous_3)","decl":{"start":{"line":31,"column":35},"end":{"line":31,"column":35}},"loc":{"start":{"line":31,"column":35},"end":{"line":31,"column":22}}},"3":{"name":"renderHeader","decl":{"start":{"line":62,"column":6},"end":{"line":62,"column":21}},"loc":{"start":{"line":62,"column":36},"end":{"line":62,"column":0}}},"4":{"name":"renderGradingSystem","decl":{"start":{"line":83,"column":6},"end":{"line":83,"column":28}},"loc":{"start":{"line":83,"column":28},"end":{"line":83,"column":0}}},"5":{"name":"renderTranscript","decl":{"start":{"line":206,"column":6},"end":{"line":206,"column":25}},"loc":{"start":{"line":206,"column":40},"end":{"line":206,"column":0}}},"6":{"name":"(anonymous_7)","decl":{"start":{"line":210,"column":61},"end":{"line":210,"column":60}},"loc":{"start":{"line":210,"column":69},"end":{"line":210,"column":28}}},"7":{"name":"renderStudentInfo","decl":{"start":{"line":217,"column":6},"end":{"line":217,"column":26}},"loc":{"start":{"line":217,"column":37},"end":{"line":217,"column":0}}},"8":{"name":"renderNpfa","decl":{"start":{"line":250,"column":6},"end":{"line":250,"column":19}},"loc":{"start":{"line":250,"column":34},"end":{"line":250,"column":0}}},"9":{"name":"renderFinalStatement","decl":{"start":{"line":257,"column":6},"end":{"line":257,"column":29}},"loc":{"start":{"line":257,"column":44},"end":{"line":257,"column":0}}},"10":{"name":"Template","decl":{"start":{"line":266,"column":6},"end":{"line":266,"column":17}},"loc":{"start":{"line":266,"column":28},"end":{"line":266,"column":0}}}},"branchMap":{"0":{"loc":{"start":{"line":9,"column":2},"end":{"line":9,"column":19}},"type":"if","locations":[{"start":{"line":9,"column":2},"end":{"line":9,"column":19}},{"start":{"line":9,"column":2},"end":{"line":9,"column":19}}]},"1":{"loc":{"start":{"line":253,"column":4},"end":{"line":252,"column":13}},"type":"cond-expr","locations":[{"start":{"line":253,"column":4},"end":{"line":252,"column":13}},{"start":{"line":254,"column":6},"end":{"line":252,"column":2}}]}},"s":{"0":0,"1":0,"2":0,"3":0,"4":0,"5":0,"6":0,"7":0,"8":0,"9":0,"10":0,"11":0,"12":0,"13":0,"14":0,"15":0,"16":0,"17":0,"18":0,"19":0,"20":0,"21":0,"22":0,"23":0,"24":0,"25":0,"26":0,"27":0,"28":0,"29":0,"30":0,"31":0,"32":0,"33":0,"34":0,"35":0,"36":0},"f":{"0":0,"1":0,"2":0,"3":0,"4":0,"5":0,"6":0,"7":0,"8":0,"9":0,"10":0},"b":{"0":[0,0],"1":[0,0]}}
,"/Users/raymondyeh/Desktop/DLT/website/src/components/FAQ/FaqContent.js": {"path":"/Users/raymondyeh/Desktop/DLT/website/src/components/FAQ/FaqContent.js","statementMap":{"0":{"start":{"line":1,"column":0},"end":{"line":null,"column":-1}},"1":{"start":{"line":2,"column":0},"end":{"line":null,"column":-1}},"2":{"start":{"line":3,"column":0},"end":{"line":null,"column":-1}},"3":{"start":{"line":5,"column":18},"end":{"line":5,"column":0}},"4":{"start":{"line":5,"column":18},"end":{"line":null,"column":-1}},"5":{"start":{"line":11,"column":23},"end":{"line":11,"column":0}},"6":{"start":{"line":11,"column":23},"end":{"line":11,"column":22}},"7":{"start":{"line":11,"column":23},"end":{"line":null,"column":-1}},"8":{"start":{"line":22,"column":22},"end":{"line":22,"column":0}},"9":{"start":{"line":22,"column":22},"end":{"line":22,"column":21}},"10":{"start":{"line":22,"column":22},"end":{"line":null,"column":-1}},"11":{"start":{"line":29,"column":19},"end":{"line":29,"column":0}},"12":{"start":{"line":29,"column":19},"end":{"line":null,"column":-1}},"13":{"start":{"line":38,"column":0},"end":{"line":null,"column":-1}},"14":{"start":{"line":43,"column":0},"end":{"line":null,"column":-1}}},"fnMap":{"0":{"name":"FaqHeader","decl":{"start":{"line":5,"column":6},"end":{"line":5,"column":18}},"loc":{"start":{"line":5,"column":18},"end":{"line":5,"column":0}}},"1":{"name":"renderQuestion","decl":{"start":{"line":11,"column":6},"end":{"line":11,"column":23}},"loc":{"start":{"line":11,"column":23},"end":{"line":11,"column":0}}},"2":{"name":"renderSection","decl":{"start":{"line":22,"column":6},"end":{"line":22,"column":22}},"loc":{"start":{"line":22,"column":22},"end":{"line":22,"column":0}}},"3":{"name":"FaqContent","decl":{"start":{"line":29,"column":6},"end":{"line":29,"column":19}},"loc":{"start":{"line":29,"column":19},"end":{"line":29,"column":0}}}},"branchMap":{"0":{"loc":{"start":{"line":22,"column":41},"end":{"line":22,"column":22}},"type":"cond-expr","locations":[{"start":{"line":22,"column":41},"end":{"line":22,"column":22}},{"start":{"line":22,"column":22},"end":{"line":null,"column":-1}}]}},"s":{"0":0,"1":0,"2":0,"3":0,"4":0,"5":0,"6":0,"7":0,"8":0,"9":0,"10":0,"11":0,"12":0,"13":0,"14":0},"f":{"0":0,"1":0,"2":0,"3":0},"b":{"0":[0,0]}}
,"/Users/raymondyeh/Desktop/DLT/website/src/components/HomePageContent/AboutImages.js": {"path":"/Users/raymondyeh/Desktop/DLT/website/src/components/HomePageContent/AboutImages.js","statementMap":{"0":{"start":{"line":3,"column":0},"end":{"line":null,"column":-1}},"1":{"start":{"line":5,"column":20},"end":{"line":5,"column":0}},"2":{"start":{"line":6,"column":9},"end":{"line":null,"column":-1}},"3":{"start":{"line":120,"column":11},"end":{"line":null,"column":-1}},"4":{"start":{"line":157,"column":15},"end":{"line":null,"column":-1}}},"fnMap":{"0":{"name":"valid","decl":{"start":{"line":6,"column":9},"end":{"line":null,"column":-1}},"loc":{"start":{"line":6,"column":9},"end":{"line":5,"column":20}}},"1":{"name":"genuine","decl":{"start":{"line":120,"column":11},"end":{"line":null,"column":-1}},"loc":{"start":{"line":120,"column":11},"end":{"line":5,"column":20}}},"2":{"name":"institution","decl":{"start":{"line":157,"column":15},"end":{"line":null,"column":-1}},"loc":{"start":{"line":157,"column":15},"end":{"line":null,"column":-1}}}},"branchMap":{},"s":{"0":0,"1":0,"2":0,"3":0,"4":0},"f":{"0":0,"1":0,"2":0},"b":{}}
,"/Users/raymondyeh/Desktop/DLT/website/src/components/HomePageContent/AboutSection.js": {"path":"/Users/raymondyeh/Desktop/DLT/website/src/components/HomePageContent/AboutSection.js","statementMap":{"0":{"start":{"line":1,"column":0},"end":{"line":null,"column":-1}},"1":{"start":{"line":2,"column":0},"end":{"line":null,"column":-1}},"2":{"start":{"line":4,"column":24},"end":{"line":4,"column":0}},"3":{"start":{"line":4,"column":24},"end":{"line":null,"column":-1}},"4":{"start":{"line":30,"column":19},"end":{"line":30,"column":0}},"5":{"start":{"line":30,"column":19},"end":{"line":null,"column":-1}},"6":{"start":{"line":39,"column":21},"end":{"line":39,"column":0}},"7":{"start":{"line":39,"column":21},"end":{"line":null,"column":-1}}},"fnMap":{"0":{"name":"BenefitsSection","decl":{"start":{"line":4,"column":6},"end":{"line":4,"column":24}},"loc":{"start":{"line":4,"column":24},"end":{"line":4,"column":0}}},"1":{"name":"HowItWorks","decl":{"start":{"line":30,"column":6},"end":{"line":30,"column":19}},"loc":{"start":{"line":30,"column":19},"end":{"line":30,"column":0}}},"2":{"name":"AboutSection","decl":{"start":{"line":39,"column":6},"end":{"line":39,"column":21}},"loc":{"start":{"line":39,"column":21},"end":{"line":39,"column":0}}}},"branchMap":{},"s":{"0":0,"1":0,"2":0,"3":0,"4":0,"5":0,"6":0,"7":0},"f":{"0":0,"1":0,"2":0},"b":{}}
,"/Users/raymondyeh/Desktop/DLT/website/src/components/HomePageContent/DropZoneSection.js": {"path":"/Users/raymondyeh/Desktop/DLT/website/src/components/HomePageContent/DropZoneSection.js","statementMap":{"0":{"start":{"line":1,"column":0},"end":{"line":null,"column":-1}},"1":{"start":{"line":2,"column":0},"end":{"line":null,"column":-1}},"2":{"start":{"line":3,"column":0},"end":{"line":null,"column":-1}},"3":{"start":{"line":5,"column":24},"end":{"line":5,"column":0}},"4":{"start":{"line":5,"column":24},"end":{"line":5,"column":23}},"5":{"start":{"line":5,"column":24},"end":{"line":null,"column":-1}},"6":{"start":{"line":32,"column":0},"end":{"line":null,"column":-1}}},"fnMap":{"0":{"name":"DropZoneSection","decl":{"start":{"line":5,"column":6},"end":{"line":5,"column":24}},"loc":{"start":{"line":5,"column":24},"end":{"line":5,"column":0}}}},"branchMap":{},"s":{"0":0,"1":0,"2":0,"3":0,"4":0,"5":0,"6":0},"f":{"0":0},"b":{}}
,"/Users/raymondyeh/Desktop/DLT/website/src/components/HomePageContent/PartnersSection.js": {"path":"/Users/raymondyeh/Desktop/DLT/website/src/components/HomePageContent/PartnersSection.js","statementMap":{"0":{"start":{"line":1,"column":0},"end":{"line":null,"column":-1}},"1":{"start":{"line":3,"column":21},"end":{"line":3,"column":0}},"2":{"start":{"line":3,"column":21},"end":{"line":null,"column":-1}},"3":{"start":{"line":9,"column":24},"end":{"line":9,"column":0}},"4":{"start":{"line":12,"column":17},"end":{"line":12,"column":2}},"5":{"start":{"line":24,"column":16},"end":{"line":24,"column":2}},"6":{"start":{"line":24,"column":27},"end":{"line":null,"column":-1}},"7":{"start":{"line":27,"column":2},"end":{"line":null,"column":-1}},"8":{"start":{"line":30,"column":23},"end":{"line":30,"column":0}},"9":{"start":{"line":30,"column":23},"end":{"line":null,"column":-1}}},"fnMap":{"0":{"name":"TitleSection","decl":{"start":{"line":3,"column":6},"end":{"line":3,"column":21}},"loc":{"start":{"line":3,"column":21},"end":{"line":3,"column":0}}},"1":{"name":"CarouselSection","decl":{"start":{"line":9,"column":6},"end":{"line":9,"column":24}},"loc":{"start":{"line":9,"column":30},"end":{"line":9,"column":0}}},"2":{"name":"(anonymous_3)","decl":{"start":{"line":24,"column":27},"end":{"line":24,"column":27}},"loc":{"start":{"line":24,"column":27},"end":{"line":24,"column":16}}},"3":{"name":"PartnerSection","decl":{"start":{"line":30,"column":6},"end":{"line":30,"column":23}},"loc":{"start":{"line":30,"column":23},"end":{"line":30,"column":0}}}},"branchMap":{},"s":{"0":0,"1":0,"2":0,"3":0,"4":0,"5":0,"6":0,"7":0,"8":0,"9":0},"f":{"0":0,"1":0,"2":0,"3":0},"b":{}}
,"/Users/raymondyeh/Desktop/DLT/website/src/components/Layout/FooterBar.js": {"path":"/Users/raymondyeh/Desktop/DLT/website/src/components/Layout/FooterBar.js","statementMap":{"0":{"start":{"line":1,"column":0},"end":{"line":null,"column":-1}},"1":{"start":{"line":2,"column":0},"end":{"line":null,"column":-1}},"2":{"start":{"line":4,"column":22},"end":{"line":4,"column":0}},"3":{"start":{"line":4,"column":22},"end":{"line":null,"column":-1}}},"fnMap":{"0":{"name":"NavigationBar","decl":{"start":{"line":4,"column":6},"end":{"line":4,"column":22}},"loc":{"start":{"line":4,"column":22},"end":{"line":4,"column":0}}}},"branchMap":{},"s":{"0":0,"1":0,"2":0,"3":0},"f":{"0":0},"b":{}}
,"/Users/raymondyeh/Desktop/DLT/website/src/components/Layout/Meta.js": {"path":"/Users/raymondyeh/Desktop/DLT/website/src/components/Layout/Meta.js","statementMap":{"0":{"start":{"line":1,"column":0},"end":{"line":null,"column":-1}},"1":{"start":{"line":2,"column":0},"end":{"line":null,"column":-1}},"2":{"start":{"line":4,"column":13},"end":{"line":4,"column":0}},"3":{"start":{"line":4,"column":13},"end":{"line":null,"column":-1}}},"fnMap":{"0":{"name":"Meta","decl":{"start":{"line":4,"column":6},"end":{"line":4,"column":13}},"loc":{"start":{"line":4,"column":13},"end":{"line":4,"column":0}}}},"branchMap":{},"s":{"0":0,"1":0,"2":0,"3":0},"f":{"0":0},"b":{}}
,"/Users/raymondyeh/Desktop/DLT/website/src/components/Layout/NetworkSelector.js": {"path":"/Users/raymondyeh/Desktop/DLT/website/src/components/Layout/NetworkSelector.js","statementMap":{"0":{"start":{"line":1,"column":0},"end":{"line":null,"column":-1}},"1":{"start":{"line":2,"column":0},"end":{"line":null,"column":-1}},"2":{"start":{"line":3,"column":0},"end":{"line":null,"column":-1}},"3":{"start":{"line":4,"column":0},"end":{"line":null,"column":-1}},"4":{"start":{"line":5,"column":0},"end":{"line":null,"column":-1}},"5":{"start":{"line":12,"column":21},"end":{"line":null,"column":-1}},"6":{"start":{"line":13,"column":4},"end":{"line":null,"column":-1}},"7":{"start":{"line":15,"column":4},"end":{"line":null,"column":-1}},"8":{"start":{"line":19,"column":4},"end":{"line":null,"column":-1}},"9":{"start":{"line":25,"column":47},"end":{"line":24,"column":11}},"10":{"start":{"line":27,"column":4},"end":{"line":null,"column":-1}},"11":{"start":{"line":47,"column":24},"end":{"line":47,"column":0}},"12":{"start":{"line":47,"column":29},"end":{"line":null,"column":-1}},"13":{"start":{"line":52,"column":27},"end":{"line":52,"column":0}},"14":{"start":{"line":52,"column":35},"end":{"line":null,"column":-1}},"15":{"start":{"line":53,"column":21},"end":{"line":null,"column":-1}},"16":{"start":{"line":61,"column":0},"end":{"line":null,"column":-1}}},"fnMap":{"0":{"name":"NetworkSelector","decl":{"start":{"line":12,"column":2},"end":{"line":12,"column":13}},"loc":{"start":{"line":12,"column":21},"end":{"line":16,"column":3}}},"1":{"name":"mapStateToProps","decl":{"start":{"line":47,"column":6},"end":{"line":47,"column":24}},"loc":{"start":{"line":47,"column":29},"end":{"line":47,"column":0}}},"2":{"name":"mapDispatchToProps","decl":{"start":{"line":52,"column":6},"end":{"line":52,"column":27}},"loc":{"start":{"line":52,"column":35},"end":{"line":52,"column":0}}},"3":{"name":"updateWeb3","decl":{"start":{"line":53,"column":14},"end":{"line":53,"column":13}},"loc":{"start":{"line":53,"column":21},"end":{"line":null,"column":-1}}}},"branchMap":{},"s":{"0":0,"1":0,"2":0,"3":0,"4":0,"5":0,"6":0,"7":0,"8":0,"9":0,"10":0,"11":0,"12":0,"13":0,"14":0,"15":0,"16":0},"f":{"0":0,"1":0,"2":0,"3":0},"b":{}}
,"/Users/raymondyeh/Desktop/DLT/website/src/components/Layout/NavigationBar/NavigationBar.js": {"path":"/Users/raymondyeh/Desktop/DLT/website/src/components/Layout/NavigationBar/NavigationBar.js","statementMap":{"0":{"start":{"line":1,"column":0},"end":{"line":null,"column":-1}},"1":{"start":{"line":2,"column":0},"end":{"line":null,"column":-1}},"2":{"start":{"line":4,"column":17},"end":{"line":4,"column":0}},"3":{"start":{"line":17,"column":22},"end":{"line":17,"column":0}},"4":{"start":{"line":18,"column":16},"end":{"line":18,"column":2}},"5":{"start":{"line":18,"column":29},"end":{"line":null,"column":-1}},"6":{"start":{"line":28,"column":2},"end":{"line":null,"column":-1}},"7":{"start":{"line":31,"column":22},"end":{"line":31,"column":0}},"8":{"start":{"line":31,"column":22},"end":{"line":31,"column":21}},"9":{"start":{"line":31,"column":22},"end":{"line":null,"column":-1}},"10":{"start":{"line":60,"column":0},"end":{"line":null,"column":-1}}},"fnMap":{"0":{"name":"renderNavItem","decl":{"start":{"line":17,"column":6},"end":{"line":17,"column":22}},"loc":{"start":{"line":17,"column":32},"end":{"line":17,"column":0}}},"1":{"name":"(anonymous_2)","decl":{"start":{"line":18,"column":29},"end":{"line":18,"column":29}},"loc":{"start":{"line":18,"column":29},"end":{"line":18,"column":16}}},"2":{"name":"NavigationBar","decl":{"start":{"line":31,"column":6},"end":{"line":31,"column":22}},"loc":{"start":{"line":31,"column":22},"end":{"line":31,"column":0}}}},"branchMap":{"0":{"loc":{"start":{"line":20,"column":57},"end":{"line":20,"column":39}},"type":"cond-expr","locations":[{"start":{"line":20,"column":57},"end":{"line":20,"column":39}},{"start":{"line":20,"column":68},"end":{"line":20,"column":15}}]}},"s":{"0":0,"1":0,"2":0,"3":0,"4":0,"5":0,"6":0,"7":0,"8":0,"9":0,"10":0},"f":{"0":0,"1":0,"2":0},"b":{"0":[0,0]}}
,"/Users/raymondyeh/Desktop/DLT/website/src/components/Layout/NavigationBar/index.js": {"path":"/Users/raymondyeh/Desktop/DLT/website/src/components/Layout/NavigationBar/index.js","statementMap":{"0":{"start":{"line":1,"column":0},"end":{"line":null,"column":-1}}},"fnMap":{},"branchMap":{},"s":{"0":0},"f":{},"b":{}}
,"/Users/raymondyeh/Desktop/DLT/website/src/components/Modal/Modal.js": {"path":"/Users/raymondyeh/Desktop/DLT/website/src/components/Modal/Modal.js","statementMap":{"0":{"start":{"line":1,"column":0},"end":{"line":null,"column":-1}},"1":{"start":{"line":2,"column":0},"end":{"line":null,"column":-1}},"2":{"start":{"line":4,"column":14},"end":{"line":4,"column":0}},"3":{"start":{"line":4,"column":14},"end":{"line":4,"column":13}},"4":{"start":{"line":4,"column":14},"end":{"line":null,"column":-1}},"5":{"start":{"line":10,"column":19},"end":{"line":null,"column":-1}},"6":{"start":{"line":19,"column":17},"end":{"line":null,"column":-1}},"7":{"start":{"line":28,"column":0},"end":{"line":null,"column":-1}}},"fnMap":{"0":{"name":"modal","decl":{"start":{"line":4,"column":6},"end":{"line":4,"column":14}},"loc":{"start":{"line":4,"column":14},"end":{"line":4,"column":0}}},"1":{"name":"onClick","decl":{"start":{"line":10,"column":19},"end":{"line":null,"column":-1}},"loc":{"start":{"line":10,"column":19},"end":{"line":8,"column":8}}},"2":{"name":"onClick","decl":{"start":{"line":19,"column":17},"end":{"line":null,"column":-1}},"loc":{"start":{"line":19,"column":17},"end":{"line":16,"column":6}}}},"branchMap":{"0":{"loc":{"start":{"line":6,"column":4},"end":{"line":5,"column":6}},"type":"cond-expr","locations":[{"start":{"line":6,"column":4},"end":{"line":5,"column":6}},{"start":{"line":23,"column":4},"end":{"line":4,"column":14}}]}},"s":{"0":0,"1":0,"2":0,"3":0,"4":0,"5":0,"6":0,"7":0},"f":{"0":0,"1":0,"2":0},"b":{"0":[0,0]}}
,"/Users/raymondyeh/Desktop/DLT/website/src/components/Modal/index.js": {"path":"/Users/raymondyeh/Desktop/DLT/website/src/components/Modal/index.js","statementMap":{"0":{"start":{"line":1,"column":0},"end":{"line":null,"column":-1}}},"fnMap":{},"branchMap":{},"s":{"0":0},"f":{},"b":{}}
,"/Users/raymondyeh/Desktop/DLT/website/src/config/index.js": {"path":"/Users/raymondyeh/Desktop/DLT/website/src/config/index.js","statementMap":{"0":{"start":{"line":3,"column":15},"end":{"line":6,"column":1}}},"fnMap":{},"branchMap":{},"s":{"0":1},"f":{},"b":{},"_coverageSchema":"332fd63041d2c1bcb487cc26dd0d5f7d97098a6c","hash":"1409a7af92b7935374d195392e538b75d95e12d7"}
[...]
,"/Users/raymondyeh/Desktop/DLT/website/src/services/ens/index.js": {"path":"/Users/raymondyeh/Desktop/DLT/website/src/services/ens/index.js","statementMap":{},"fnMap":{},"branchMap":{},"s":{},"f":{},"b":{},"_coverageSchema":"332fd63041d2c1bcb487cc26dd0d5f7d97098a6c","hash":"514ea8fdf5e0f46f9266820f23ade976888492f1"}
,"/Users/raymondyeh/Desktop/DLT/website/src/services/issuers/index.js": {"path":"/Users/raymondyeh/Desktop/DLT/website/src/services/issuers/index.js","statementMap":{"0":{"start":{"line":1,"column":19},"end":{"line":1,"column":61}},"1":{"start":{"line":4,"column":2},"end":{"line":8,"column":26}},"2":{"start":{"line":6,"column":17},"end":{"line":6,"column":27}},"3":{"start":{"line":7,"column":18},"end":{"line":7,"column":30}}},"fnMap":{"0":{"name":"fetchIssuers","decl":{"start":{"line":3,"column":24},"end":{"line":3,"column":36}},"loc":{"start":{"line":3,"column":55},"end":{"line":9,"column":1}},"line":3},"1":{"name":"(anonymous_1)","decl":{"start":{"line":6,"column":10},"end":{"line":6,"column":11}},"loc":{"start":{"line":6,"column":17},"end":{"line":6,"column":27}},"line":6},"2":{"name":"(anonymous_2)","decl":{"start":{"line":7,"column":10},"end":{"line":7,"column":11}},"loc":{"start":{"line":7,"column":18},"end":{"line":7,"column":30}},"line":7}},"branchMap":{"0":{"loc":{"start":{"line":3,"column":37},"end":{"line":3,"column":53}},"type":"default-arg","locations":[{"start":{"line":3,"column":43},"end":{"line":3,"column":53}}],"line":3}},"s":{"0":1,"1":0,"2":0,"3":0},"f":{"0":0,"1":0,"2":0},"b":{"0":[0]},"_coverageSchema":"332fd63041d2c1bcb487cc26dd0d5f7d97098a6c","hash":"3811c6d3d35d6af8b12ebf0f70ba8f185aa618c3"}
,"/Users/raymondyeh/Desktop/DLT/website/src/services/web3/getAccounts.js": {"path":"/Users/raymondyeh/Desktop/DLT/website/src/services/web3/getAccounts.js","statementMap":{"0":{"start":{"line":2,"column":27},"end":{"line":7,"column":4}},"1":{"start":{"line":3,"column":2},"end":{"line":7,"column":4}},"2":{"start":{"line":4,"column":4},"end":{"line":6,"column":6}},"3":{"start":{"line":5,"column":28},"end":{"line":5,"column":69}}},"fnMap":{"0":{"name":"(anonymous_0)","decl":{"start":{"line":2,"column":27},"end":{"line":2,"column":28}},"loc":{"start":{"line":3,"column":2},"end":{"line":7,"column":4}},"line":3},"1":{"name":"(anonymous_1)","decl":{"start":{"line":3,"column":14},"end":{"line":3,"column":15}},"loc":{"start":{"line":3,"column":35},"end":{"line":7,"column":3}},"line":3},"2":{"name":"(anonymous_2)","decl":{"start":{"line":5,"column":6},"end":{"line":5,"column":7}},"loc":{"start":{"line":5,"column":28},"end":{"line":5,"column":69}},"line":5}},"branchMap":{"0":{"loc":{"start":{"line":5,"column":28},"end":{"line":5,"column":69}},"type":"cond-expr","locations":[{"start":{"line":5,"column":36},"end":{"line":5,"column":49}},{"start":{"line":5,"column":52},"end":{"line":5,"column":69}}],"line":5}},"s":{"0":2,"1":0,"2":0,"3":0},"f":{"0":0,"1":0,"2":0},"b":{"0":[0,0]},"_coverageSchema":"332fd63041d2c1bcb487cc26dd0d5f7d97098a6c","hash":"c5b5a47b99eb3cb97d3b8463092f099b4ccd1004"}
,"/Users/raymondyeh/Desktop/DLT/website/src/services/web3/getContract.js": {"path":"/Users/raymondyeh/Desktop/DLT/website/src/services/web3/getContract.js","statementMap":{"0":{"start":{"line":3,"column":27},"end":{"line":21,"column":1}},"1":{"start":{"line":4,"column":19},"end":{"line":4,"column":51}},"2":{"start":{"line":5,"column":2},"end":{"line":5,"column":45}},"3":{"start":{"line":9,"column":2},"end":{"line":17,"column":3}},"4":{"start":{"line":10,"column":4},"end":{"line":16,"column":6}},"5":{"start":{"line":12,"column":6},"end":{"line":15,"column":8}},"6":{"start":{"line":19,"column":19},"end":{"line":19,"column":44}},"7":{"start":{"line":20,"column":2},"end":{"line":20,"column":18}}},"fnMap":{"0":{"name":"(anonymous_0)","decl":{"start":{"line":3,"column":27},"end":{"line":3,"column":28}},"loc":{"start":{"line":3,"column":63},"end":{"line":21,"column":1}},"line":3},"1":{"name":"applyArgs","decl":{"start":{"line":10,"column":50},"end":{"line":10,"column":59}},"loc":{"start":{"line":10,"column":69},"end":{"line":16,"column":5}},"line":10}},"branchMap":{"0":{"loc":{"start":{"line":9,"column":2},"end":{"line":17,"column":3}},"type":"if","locations":[{"start":{"line":9,"column":2},"end":{"line":17,"column":3}},{"start":{"line":9,"column":2},"end":{"line":17,"column":3}}],"line":9}},"s":{"0":2,"1":0,"2":0,"3":0,"4":0,"5":0,"6":0,"7":0},"f":{"0":0,"1":0},"b":{"0":[0,0]},"_coverageSchema":"332fd63041d2c1bcb487cc26dd0d5f7d97098a6c","hash":"bb5986e7e28172de1ed2f400d0f474166793a8a1"}
,"/Users/raymondyeh/Desktop/DLT/website/src/services/web3/getWeb3.js": {"path":"/Users/raymondyeh/Desktop/DLT/website/src/services/web3/getWeb3.js","statementMap":{"0":{"start":{"line":3,"column":23},"end":{"line":3,"column":54}},"1":{"start":{"line":4,"column":29},"end":{"line":4,"column":86}},"2":{"start":{"line":6,"column":21},"end":{"line":12,"column":1}},"3":{"start":{"line":18,"column":17},"end":{"line":20,"column":55}},"4":{"start":{"line":22,"column":17},"end":{"line":22,"column":37}},"5":{"start":{"line":23,"column":15},"end":{"line":23,"column":31}},"6":{"start":{"line":24,"column":24},"end":{"line":24,"column":60}},"7":{"start":{"line":25,"column":2},"end":{"line":25,"column":36}},"8":{"start":{"line":26,"column":2},"end":{"line":26,"column":17}},"9":{"start":{"line":28,"column":2},"end":{"line":28,"column":14}},"10":{"start":{"line":32,"column":17},"end":{"line":32,"column":23}},"11":{"start":{"line":33,"column":26},"end":{"line":33,"column":53}},"12":{"start":{"line":35,"column":2},"end":{"line":35,"column":68}},"13":{"start":{"line":35,"column":24},"end":{"line":35,"column":68}},"14":{"start":{"line":37,"column":2},"end":{"line":37,"column":40}},"15":{"start":{"line":39,"column":2},"end":{"line":39,"column":14}},"16":{"start":{"line":43,"column":17},"end":{"line":43,"column":23}},"17":{"start":{"line":45,"column":19},"end":{"line":45,"column":55}},"18":{"start":{"line":46,"column":2},"end":{"line":46,"column":28}},"19":{"start":{"line":48,"column":2},"end":{"line":48,"column":14}},"20":{"start":{"line":52,"column":2},"end":{"line":57,"column":4}},"21":{"start":{"line":55,"column":25},"end":{"line":55,"column":27}},"22":{"start":{"line":61,"column":2},"end":{"line":85,"column":3}},"23":{"start":{"line":62,"column":4},"end":{"line":80,"column":5}},"24":{"start":{"line":64,"column":8},"end":{"line":64,"column":60}},"25":{"start":{"line":65,"column":8},"end":{"line":65,"column":14}},"26":{"start":{"line":67,"column":8},"end":{"line":67,"column":55}},"27":{"start":{"line":68,"column":8},"end":{"line":68,"column":14}},"28":{"start":{"line":70,"column":8},"end":{"line":70,"column":48}},"29":{"start":{"line":71,"column":8},"end":{"line":71,"column":14}},"30":{"start":{"line":73,"column":8},"end":{"line":73,"column":55}},"31":{"start":{"line":74,"column":8},"end":{"line":74,"column":14}},"32":{"start":{"line":76,"column":8},"end":{"line":76,"column":44}},"33":{"start":{"line":77,"column":8},"end":{"line":77,"column":14}},"34":{"start":{"line":79,"column":8},"end":{"line":79,"column":55}},"35":{"start":{"line":81,"column":4},"end":{"line":81,"column":25}},"36":{"start":{"line":82,"column":4},"end":{"line":82,"column":26}},"37":{"start":{"line":84,"column":4},"end":{"line":84,"column":14}},"38":{"start":{"line":89,"column":2},"end":{"line":95,"column":3}},"39":{"start":{"line":94,"column":4},"end":{"line":94,"column":40}},"40":{"start":{"line":96,"column":2},"end":{"line":108,"column":5}},"41":{"start":{"line":99,"column":4},"end":{"line":107,"column":5}},"42":{"start":{"line":100,"column":6},"end":{"line":102,"column":9}},"43":{"start":{"line":101,"column":8},"end":{"line":101,"column":48}},"44":{"start":{"line":104,"column":6},"end":{"line":106,"column":7}},"45":{"start":{"line":105,"column":8},"end":{"line":105,"column":48}},"46":{"start":{"line":112,"column":2},"end":{"line":116,"column":3}},"47":{"start":{"line":113,"column":4},"end":{"line":115,"column":7}},"48":{"start":{"line":114,"column":6},"end":{"line":114,"column":28}},"49":{"start":{"line":117,"column":2},"end":{"line":117,"column":31}}},"fnMap":{"0":{"name":"loadWeb3InfuraWebsocket","decl":{"start":{"line":17,"column":15},"end":{"line":17,"column":38}},"loc":{"start":{"line":17,"column":55},"end":{"line":29,"column":1}},"line":17},"1":{"name":"loadWeb3Injected","decl":{"start":{"line":31,"column":15},"end":{"line":31,"column":31}},"loc":{"start":{"line":31,"column":34},"end":{"line":40,"column":1}},"line":31},"2":{"name":"loadWeb3CustomRpc","decl":{"start":{"line":42,"column":15},"end":{"line":42,"column":32}},"loc":{"start":{"line":42,"column":64},"end":{"line":49,"column":1}},"line":42},"3":{"name":"loadWeb3Mock","decl":{"start":{"line":51,"column":15},"end":{"line":51,"column":27}},"loc":{"start":{"line":51,"column":30},"end":{"line":58,"column":1}},"line":51},"4":{"name":"(anonymous_4)","decl":{"start":{"line":55,"column":19},"end":{"line":55,"column":20}},"loc":{"start":{"line":55,"column":25},"end":{"line":55,"column":27}},"line":55},"5":{"name":"resolveWeb3","decl":{"start":{"line":60,"column":15},"end":{"line":60,"column":26}},"loc":{"start":{"line":60,"column":72},"end":{"line":86,"column":1}},"line":60},"6":{"name":"setNewWeb3","decl":{"start":{"line":88,"column":16},"end":{"line":88,"column":26}},"loc":{"start":{"line":88,"column":38},"end":{"line":109,"column":1}},"line":88},"7":{"name":"(anonymous_7)","decl":{"start":{"line":96,"column":21},"end":{"line":96,"column":22}},"loc":{"start":{"line":96,"column":42},"end":{"line":108,"column":3}},"line":96},"8":{"name":"(anonymous_8)","decl":{"start":{"line":100,"column":38},"end":{"line":100,"column":39}},"loc":{"start":{"line":100,"column":44},"end":{"line":102,"column":7}},"line":100},"9":{"name":"getWeb3","decl":{"start":{"line":111,"column":16},"end":{"line":111,"column":23}},"loc":{"start":{"line":111,"column":35},"end":{"line":118,"column":1}},"line":111},"10":{"name":"(anonymous_10)","decl":{"start":{"line":113,"column":23},"end":{"line":113,"column":24}},"loc":{"start":{"line":113,"column":34},"end":{"line":115,"column":5}},"line":113}},"branchMap":{"0":{"loc":{"start":{"line":17,"column":39},"end":{"line":17,"column":53}},"type":"default-arg","locations":[{"start":{"line":17,"column":49},"end":{"line":17,"column":53}}],"line":17},"1":{"loc":{"start":{"line":18,"column":17},"end":{"line":20,"column":55}},"type":"cond-expr","locations":[{"start":{"line":19,"column":6},"end":{"line":19,"column":55}},{"start":{"line":20,"column":6},"end":{"line":20,"column":55}}],"line":18},"2":{"loc":{"start":{"line":35,"column":2},"end":{"line":35,"column":68}},"type":"if","locations":[{"start":{"line":35,"column":2},"end":{"line":35,"column":68}},{"start":{"line":35,"column":2},"end":{"line":35,"column":68}}],"line":35},"3":{"loc":{"start":{"line":42,"column":33},"end":{"line":42,"column":62}},"type":"default-arg","locations":[{"start":{"line":42,"column":39},"end":{"line":42,"column":62}}],"line":42},"4":{"loc":{"start":{"line":60,"column":44},"end":{"line":60,"column":62}},"type":"default-arg","locations":[{"start":{"line":60,"column":48},"end":{"line":60,"column":62}}],"line":60},"5":{"loc":{"start":{"line":62,"column":4},"end":{"line":80,"column":5}},"type":"switch","locations":[{"start":{"line":63,"column":6},"end":{"line":65,"column":14}},{"start":{"line":66,"column":6},"end":{"line":68,"column":14}},{"start":{"line":69,"column":6},"end":{"line":71,"column":14}},{"start":{"line":72,"column":6},"end":{"line":74,"column":14}},{"start":{"line":75,"column":6},"end":{"line":77,"column":14}},{"start":{"line":78,"column":6},"end":{"line":79,"column":55}}],"line":62},"6":{"loc":{"start":{"line":89,"column":2},"end":{"line":95,"column":3}},"type":"if","locations":[{"start":{"line":89,"column":2},"end":{"line":95,"column":3}},{"start":{"line":89,"column":2},"end":{"line":95,"column":3}}],"line":89},"7":{"loc":{"start":{"line":90,"column":4},"end":{"line":91,"column":45}},"type":"binary-expr","locations":[{"start":{"line":90,"column":4},"end":{"line":90,"column":45}},{"start":{"line":91,"column":4},"end":{"line":91,"column":45}}],"line":90},"8":{"loc":{"start":{"line":99,"column":4},"end":{"line":107,"column":5}},"type":"if","locations":[{"start":{"line":99,"column":4},"end":{"line":107,"column":5}},{"start":{"line":99,"column":4},"end":{"line":107,"column":5}}],"line":99},"9":{"loc":{"start":{"line":104,"column":6},"end":{"line":106,"column":7}},"type":"if","locations":[{"start":{"line":104,"column":6},"end":{"line":106,"column":7}},{"start":{"line":104,"column":6},"end":{"line":106,"column":7}}],"line":104},"10":{"loc":{"start":{"line":112,"column":2},"end":{"line":116,"column":3}},"type":"if","locations":[{"start":{"line":112,"column":2},"end":{"line":116,"column":3}},{"start":{"line":112,"column":2},"end":{"line":116,"column":3}}],"line":112}},"s":{"0":2,"1":2,"2":2,"3":0,"4":0,"5":0,"6":0,"7":0,"8":0,"9":0,"10":0,"11":0,"12":0,"13":0,"14":0,"15":0,"16":0,"17":0,"18":0,"19":0,"20":0,"21":0,"22":0,"23":0,"24":0,"25":0,"26":0,"27":0,"28":0,"29":0,"30":0,"31":0,"32":0,"33":0,"34":0,"35":0,"36":0,"37":0,"38":0,"39":0,"40":0,"41":0,"42":0,"43":0,"44":0,"45":0,"46":0,"47":0,"48":0,"49":0},"f":{"0":0,"1":0,"2":0,"3":0,"4":0,"5":0,"6":0,"7":0,"8":0,"9":0,"10":0},"b":{"0":[0],"1":[0,0],"2":[0,0],"3":[0],"4":[0],"5":[0,0,0,0,0,0],"6":[0,0],"7":[0,0],"8":[0,0],"9":[0,0],"10":[0,0]},"_coverageSchema":"332fd63041d2c1bcb487cc26dd0d5f7d97098a6c","hash":"8ff95c811e8bb289807fa80f2fde551975b2da50"}
,"/Users/raymondyeh/Desktop/DLT/website/src/services/web3/index.js": {"path":"/Users/raymondyeh/Desktop/DLT/website/src/services/web3/index.js","statementMap":{"0":{"start":{"line":11,"column":2},"end":{"line":42,"column":4}},"1":{"start":{"line":13,"column":6},"end":{"line":13,"column":19}},"2":{"start":{"line":14,"column":6},"end":{"line":18,"column":8}},"3":{"start":{"line":22,"column":6},"end":{"line":36,"column":7}},"4":{"start":{"line":23,"column":21},"end":{"line":23,"column":36}},"5":{"start":{"line":24,"column":25},"end":{"line":24,"column":48}},"6":{"start":{"line":25,"column":25},"end":{"line":27,"column":16}},"7":{"start":{"line":28,"column":8},"end":{"line":28,"column":52}},"8":{"start":{"line":31,"column":8},"end":{"line":33,"column":10}},"9":{"start":{"line":35,"column":8},"end":{"line":35,"column":29}},"10":{"start":{"line":40,"column":6},"end":{"line":40,"column":66}}},"fnMap":{"0":{"name":"Web3Wrapper","decl":{"start":{"line":10,"column":24},"end":{"line":10,"column":35}},"loc":{"start":{"line":10,"column":74},"end":{"line":43,"column":1}},"line":10},"1":{"name":"(anonymous_1)","decl":{"start":{"line":12,"column":4},"end":{"line":12,"column":5}},"loc":{"start":{"line":12,"column":23},"end":{"line":19,"column":5}},"line":12},"2":{"name":"(anonymous_2)","decl":{"start":{"line":21,"column":4},"end":{"line":21,"column":5}},"loc":{"start":{"line":21,"column":30},"end":{"line":37,"column":5}},"line":21},"3":{"name":"(anonymous_3)","decl":{"start":{"line":39,"column":4},"end":{"line":39,"column":5}},"loc":{"start":{"line":39,"column":13},"end":{"line":41,"column":5}},"line":39}},"branchMap":{"0":{"loc":{"start":{"line":25,"column":25},"end":{"line":27,"column":16}},"type":"cond-expr","locations":[{"start":{"line":26,"column":12},"end":{"line":26,"column":55}},{"start":{"line":27,"column":12},"end":{"line":27,"column":16}}],"line":25}},"s":{"0":0,"1":0,"2":0,"3":0,"4":0,"5":0,"6":0,"7":0,"8":0,"9":0,"10":0},"f":{"0":0,"1":0,"2":0,"3":0},"b":{"0":[0,0]},"_coverageSchema":"332fd63041d2c1bcb487cc26dd0d5f7d97098a6c","hash":"4370c403920f672cac3cfd9fd121846d997425ac"}
,"/Users/raymondyeh/Desktop/DLT/website/src/utils/index.js": {"path":"/Users/raymondyeh/Desktop/DLT/website/src/utils/index.js","statementMap":{"0":{"start":{"line":1,"column":17},"end":{"line":1,"column":43}},"1":{"start":{"line":4,"column":2},"end":{"line":4,"column":55}},"2":{"start":{"line":8,"column":2},"end":{"line":8,"column":40}},"3":{"start":{"line":8,"column":29},"end":{"line":8,"column":40}},"4":{"start":{"line":9,"column":2},"end":{"line":9,"column":33}},"5":{"start":{"line":13,"column":2},"end":{"line":15,"column":3}},"6":{"start":{"line":14,"column":4},"end":{"line":14,"column":24}},"7":{"start":{"line":16,"column":2},"end":{"line":18,"column":3}},"8":{"start":{"line":17,"column":4},"end":{"line":17,"column":25}},"9":{"start":{"line":19,"column":2},"end":{"line":19,"column":56}},"10":{"start":{"line":24,"column":31},"end":{"line":24,"column":52}},"11":{"start":{"line":26,"column":2},"end":{"line":26,"column":46}}},"fnMap":{"0":{"name":"bufSortJoin","decl":{"start":{"line":3,"column":9},"end":{"line":3,"column":20}},"loc":{"start":{"line":3,"column":30},"end":{"line":5,"column":1}},"line":3},"1":{"name":"toBuf","decl":{"start":{"line":7,"column":9},"end":{"line":7,"column":14}},"loc":{"start":{"line":7,"column":20},"end":{"line":10,"column":1}},"line":7},"2":{"name":"combinedHash","decl":{"start":{"line":12,"column":16},"end":{"line":12,"column":28}},"loc":{"start":{"line":12,"column":44},"end":{"line":20,"column":1}},"line":12},"3":{"name":"isEthereumAddress","decl":{"start":{"line":25,"column":16},"end":{"line":25,"column":33}},"loc":{"start":{"line":25,"column":43},"end":{"line":27,"column":1}},"line":25}},"branchMap":{"0":{"loc":{"start":{"line":8,"column":2},"end":{"line":8,"column":40}},"type":"if","locations":[{"start":{"line":8,"column":2},"end":{"line":8,"column":40}},{"start":{"line":8,"column":2},"end":{"line":8,"column":40}}],"line":8},"1":{"loc":{"start":{"line":13,"column":2},"end":{"line":15,"column":3}},"type":"if","locations":[{"start":{"line":13,"column":2},"end":{"line":15,"column":3}},{"start":{"line":13,"column":2},"end":{"line":15,"column":3}}],"line":13},"2":{"loc":{"start":{"line":16,"column":2},"end":{"line":18,"column":3}},"type":"if","locations":[{"start":{"line":16,"column":2},"end":{"line":18,"column":3}},{"start":{"line":16,"column":2},"end":{"line":18,"column":3}}],"line":16}},"s":{"0":2,"1":1,"2":2,"3":0,"4":2,"5":1,"6":0,"7":1,"8":0,"9":1,"10":2,"11":6},"f":{"0":1,"1":2,"2":1,"3":6},"b":{"0":[0,2],"1":[0,1],"2":[0,1]},"_coverageSchema":"332fd63041d2c1bcb487cc26dd0d5f7d97098a6c","hash":"f93602a37bd090984f9bb4f3c04513e716ed4d0b"}
,"/Users/raymondyeh/Desktop/DLT/website/src/utils/logger.js": {"path":"/Users/raymondyeh/Desktop/DLT/website/src/utils/logger.js","statementMap":{"0":{"start":{"line":4,"column":21},"end":{"line":4,"column":79}},"1":{"start":{"line":4,"column":34},"end":{"line":4,"column":79}},"2":{"start":{"line":5,"column":21},"end":{"line":5,"column":79}},"3":{"start":{"line":5,"column":34},"end":{"line":5,"column":79}},"4":{"start":{"line":7,"column":25},"end":{"line":10,"column":2}},"5":{"start":{"line":7,"column":39},"end":{"line":10,"column":1}}},"fnMap":{"0":{"name":"(anonymous_0)","decl":{"start":{"line":4,"column":21},"end":{"line":4,"column":22}},"loc":{"start":{"line":4,"column":34},"end":{"line":4,"column":79}},"line":4},"1":{"name":"(anonymous_1)","decl":{"start":{"line":5,"column":21},"end":{"line":5,"column":22}},"loc":{"start":{"line":5,"column":34},"end":{"line":5,"column":79}},"line":5},"2":{"name":"(anonymous_2)","decl":{"start":{"line":7,"column":25},"end":{"line":7,"column":26}},"loc":{"start":{"line":7,"column":39},"end":{"line":10,"column":1}},"line":7}},"branchMap":{},"s":{"0":2,"1":4,"2":2,"3":4,"4":2,"5":4},"f":{"0":4,"1":4,"2":4},"b":{},"_coverageSchema":"332fd63041d2c1bcb487cc26dd0d5f7d97098a6c","hash":"46377b8e9030904fef9a1421fdde7a59bd74deae"}
}
