TN:
SF:/Users/raymondyeh/Desktop/DLT/website/src/store.js
FN:9,initStore
FNF:1
FNH:0
FNDA:0,initStore
DA:1,0
DA:2,0
DA:3,0
DA:4,0
DA:5,0
DA:7,0
DA:9,0
DA:10,0
DA:14,0
DA:15,0
LF:10
LH:0
BRF:0
BRH:0
end_of_record
TN:
SF:/Users/raymondyeh/Desktop/DLT/website/src/components/CertificateVerifyBlock.js
FN:11,statusSummary
FN:38,renderIcon
FN:81,renderText
FN:106,CertificateVerifyBlock
FNF:4
FNH:0
FNDA:0,statusSummary
FNDA:0,renderIcon
FNDA:0,renderText
FNDA:0,CertificateVerifyBlock
DA:1,0
DA:3,0
DA:11,0
DA:17,0
DA:18,0
DA:19,0
DA:26,0
DA:27,0
DA:34,0
DA:35,0
DA:38,0
DA:40,0
DA:43,0
DA:49,0
DA:51,0
DA:57,0
DA:59,0
DA:65,0
DA:67,0
DA:74,0
DA:81,0
DA:83,0
DA:85,0
DA:86,0
DA:88,0
DA:89,0
DA:91,0
DA:92,0
DA:94,0
DA:95,0
DA:97,0
DA:99,0
DA:106,0
DA:107,0
DA:108,0
DA:109,0
DA:110,0
DA:123,0
LF:38
LH:0
BRDA:18,0,0,0
BRDA:18,0,1,0
BRDA:19,1,0,0
BRDA:19,1,1,0
BRDA:20,2,0,0
BRDA:20,2,1,0
BRDA:20,2,2,0
BRDA:20,2,3,0
BRDA:20,2,4,0
BRDA:27,3,0,0
BRDA:27,3,1,0
BRDA:28,4,0,0
BRDA:28,4,1,0
BRDA:28,4,2,0
BRDA:28,4,3,0
BRDA:28,4,4,0
BRDA:41,5,0,0
BRDA:41,5,1,0
BRDA:41,5,2,0
BRDA:41,5,3,0
BRDA:41,5,4,0
BRDA:84,6,0,0
BRDA:84,6,1,0
BRDA:84,6,2,0
BRDA:84,6,3,0
BRDA:84,6,4,0
BRF:26
BRH:0
end_of_record
TN:
SF:/Users/raymondyeh/Desktop/DLT/website/src/components/CertificateViewer.js
FN:11,getCertificateTemplates
FN:18,renderVerifyBlock
FN:29,renderIdentitiesBlock
FN:31,(anonymous_4)
FN:45,renderHeaderBlock
FN:59,onClick
FN:62,onClick
FN:70,renderCertificateChange
FN:71,onClick
FN:76,storeCanRenderTemplate
FN:81,(anonymous_11)
FN:82,(anonymous_12)
FN:91,CertificateViewer
FNF:13
FNH:0
FNDA:0,getCertificateTemplates
FNDA:0,renderVerifyBlock
FNDA:0,renderIdentitiesBlock
FNDA:0,(anonymous_4)
FNDA:0,renderHeaderBlock
FNDA:0,onClick
FNDA:0,onClick
FNDA:0,renderCertificateChange
FNDA:0,onClick
FNDA:0,storeCanRenderTemplate
FNDA:0,(anonymous_11)
FNDA:0,(anonymous_12)
FNDA:0,CertificateViewer
DA:1,0
DA:2,0
DA:3,0
DA:4,0
DA:5,0
DA:6,0
DA:7,0
DA:8,0
DA:9,0
DA:11,0
DA:12,0
DA:13,0
DA:18,0
DA:29,0
DA:30,0
DA:31,0
DA:32,0
DA:33,0
DA:45,0
DA:46,0
DA:47,0
DA:48,0
DA:59,0
DA:62,0
DA:70,0
DA:71,0
DA:76,0
DA:77,0
DA:78,0
DA:80,0
DA:81,0
DA:82,0
DA:83,0
DA:84,0
DA:87,0
DA:91,0
DA:92,0
DA:94,0
DA:95,0
DA:97,0
DA:98,0
DA:103,0
DA:124,0
DA:131,0
DA:146,0
DA:147,0
LF:46
LH:0
BRDA:14,0,0,0
BRDA:14,0,1,0
BRDA:34,1,0,0
BRDA:34,1,1,0
BRDA:33,2,0,0
BRDA:33,2,1,0
BRDA:36,3,0,0
BRDA:36,3,1,0
BRDA:39,4,0,0
BRDA:39,4,1,0
BRDA:77,5,0,0
BRDA:77,5,1,0
BRDA:77,6,0,0
BRDA:77,6,1,0
BRDA:87,7,0,0
BRDA:87,7,1,0
BRDA:126,8,0,0
BRDA:126,8,1,0
BRF:18
BRH:0
end_of_record
TN:
SF:/Users/raymondyeh/Desktop/DLT/website/src/components/InvalidCertificateNotice.js
FN:1,renderCertificateChange
FN:2,onClick
FN:7,InvalidCertificateNotice
FNF:3
FNH:0
FNDA:0,renderCertificateChange
FNDA:0,onClick
FNDA:0,InvalidCertificateNotice
DA:1,0
DA:2,0
DA:7,0
LF:3
LH:0
BRF:0
BRH:0
end_of_record
TN:
SF:/Users/raymondyeh/Desktop/DLT/website/src/components/MainPageContainer.js
FN:5,MainPageContainer
FNF:1
FNH:0
FNDA:0,MainPageContainer
DA:1,0
DA:2,0
DA:3,0
DA:5,0
LF:4
LH:0
BRF:0
BRH:0
end_of_record
TN:
SF:/Users/raymondyeh/Desktop/DLT/website/src/components/MultiCertificateRenderer.js
FN:4,renderTabList
FN:5,(anonymous_2)
FN:26,renderTabContent
FN:27,(anonymous_4)
FN:45,MultiCertificateRenderer
FNF:5
FNH:0
FNDA:0,renderTabList
FNDA:0,(anonymous_2)
FNDA:0,renderTabContent
FNDA:0,(anonymous_4)
FNDA:0,MultiCertificateRenderer
DA:1,0
DA:2,0
DA:4,0
DA:5,0
DA:19,0
DA:26,0
DA:27,0
DA:38,0
DA:45,0
DA:47,0
DA:53,0
DA:54,0
DA:64,0
LF:13
LH:0
BRDA:4,0,0,0
BRDA:4,0,1,0
BRDA:4,1,0,0
BRDA:4,1,1,0
BRDA:6,2,0,0
BRDA:6,2,1,0
BRDA:8,3,0,0
BRDA:8,3,1,0
BRDA:26,4,0,0
BRDA:26,4,1,0
BRDA:26,5,0,0
BRDA:26,5,1,0
BRDA:31,6,0,0
BRDA:31,6,1,0
BRF:14
BRH:0
end_of_record
TN:
SF:/Users/raymondyeh/Desktop/DLT/website/src/components/PrintWatermark.js
FN:3,PrintWatermark
FNF:1
FNH:0
FNDA:0,PrintWatermark
DA:2,0
DA:3,0
LF:2
LH:0
BRF:0
BRH:0
end_of_record
TN:
SF:/Users/raymondyeh/Desktop/DLT/website/src/components/RegistryPageContainer.js
FN:32,renderMembers
FN:33,(anonymous_2)
FN:52,RegistryPage
FNF:3
FNH:0
FNDA:0,renderMembers
FNDA:0,(anonymous_2)
FNDA:0,RegistryPage
DA:1,0
DA:32,0
DA:33,0
DA:52,0
LF:4
LH:0
BRDA:36,0,0,0
BRDA:36,0,1,0
BRDA:38,1,0,0
BRDA:38,1,1,0
BRDA:47,2,0,0
BRDA:47,2,1,0
BRDA:48,3,0,0
BRDA:48,3,1,0
BRF:8
BRH:0
end_of_record
TN:
SF:/Users/raymondyeh/Desktop/DLT/website/src/components/ViewerPageContainer.js
FN:23,MainPageContainer
FN:77,mapStateToProps
FN:91,mapDispatchToProps
FN:92,updateCertificate
FN:93,sendCertificate
FN:94,sendCertificateReset
FNF:6
FNH:0
FNDA:0,MainPageContainer
FNDA:0,mapStateToProps
FNDA:0,mapDispatchToProps
FNDA:0,updateCertificate
FNDA:0,sendCertificate
FNDA:0,sendCertificateReset
DA:1,0
DA:2,0
DA:3,0
DA:4,0
DA:5,0
DA:7,0
DA:20,0
DA:23,0
DA:24,0
DA:26,0
DA:30,0
DA:31,0
DA:32,0
DA:36,0
DA:37,0
DA:38,0
DA:43,0
DA:44,0
DA:48,0
DA:51,0
DA:52,0
DA:56,0
DA:57,0
DA:77,0
DA:91,0
DA:92,0
DA:93,0
DA:94,0
DA:102,0
LF:29
LH:0
BRDA:37,0,0,0
BRDA:37,0,1,0
BRDA:56,1,0,0
BRDA:56,1,1,0
BRF:4
BRH:0
end_of_record
TN:
SF:/Users/raymondyeh/Desktop/DLT/website/src/components/CertificateDropZone/CertificateDropZone.js
FN:8,renderDropzoneContent
FN:51,renderDropzoneContentCurry
FN:51,(anonymous_7)
FN:54,onFileDrop
FN:57,(anonymous_9)
FN:68,(anonymous_10)
FN:71,CertificateDropzone
FN:84,onDrop
FNF:8
FNH:0
FNDA:0,renderDropzoneContent
FNDA:0,renderDropzoneContentCurry
FNDA:0,(anonymous_7)
FNDA:0,onFileDrop
FNDA:0,(anonymous_9)
FNDA:0,(anonymous_10)
FNDA:0,CertificateDropzone
FNDA:0,onDrop
DA:1,0
DA:2,0
DA:4,0
DA:5,0
DA:6,0
DA:8,0
DA:20,0
DA:21,0
DA:22,0
DA:24,0
DA:25,0
DA:27,0
DA:28,0
DA:30,0
DA:37,0
DA:47,0
DA:51,0
DA:54,0
DA:56,0
DA:57,0
DA:58,0
DA:59,0
DA:60,0
DA:64,0
DA:67,0
DA:68,0
DA:71,0
DA:84,0
DA:103,0
DA:116,0
LF:30
LH:0
BRDA:21,0,0,0
BRDA:21,0,1,0
BRDA:24,1,0,0
BRDA:24,1,1,0
BRDA:27,2,0,0
BRDA:27,2,1,0
BRDA:30,3,0,0
BRDA:30,3,1,0
BRDA:31,4,0,0
BRDA:31,4,1,0
BRDA:31,4,2,0
BRDA:31,4,3,0
BRDA:31,4,4,0
BRDA:67,5,0,0
BRDA:67,5,1,0
BRDA:67,6,0,0
BRDA:67,6,1,0
BRDA:67,6,2,0
BRF:18
BRH:0
end_of_record
TN:
SF:/Users/raymondyeh/Desktop/DLT/website/src/components/CertificateDropZone/CertificateDropZoneContainer.js
FN:19,CertificateDropZoneContainer
FN:50,mapStateToProps
FN:62,mapDispatchToProps
FN:63,updateNetworkId
FN:64,updateCertificate
FNF:5
FNH:0
FNDA:0,CertificateDropZoneContainer
FNDA:0,mapStateToProps
FNDA:0,mapDispatchToProps
FNDA:0,updateNetworkId
FNDA:0,updateCertificate
DA:1,0
DA:2,0
DA:3,0
DA:4,0
DA:5,0
DA:15,0
DA:16,0
DA:19,0
DA:20,0
DA:22,0
DA:26,0
DA:27,0
DA:31,0
DA:35,0
DA:50,0
DA:62,0
DA:63,0
DA:64,0
DA:72,0
LF:19
LH:0
BRF:0
BRH:0
end_of_record
TN:
SF:/Users/raymondyeh/Desktop/DLT/website/src/components/CertificateDropZone/index.js
FNF:0
FNH:0
DA:1,0
LF:1
LH:0
BRF:0
BRH:0
end_of_record
TN:
SF:/Users/raymondyeh/Desktop/DLT/website/src/components/CertificateDropZone/Views/DefaultView.js
FN:4,View
FNF:1
FNH:0
FNDA:0,View
DA:1,0
DA:2,0
DA:4,0
DA:47,0
LF:4
LH:0
BRDA:8,0,0,0
BRDA:8,0,1,0
BRDA:8,1,0,0
BRDA:8,1,1,0
BRF:4
BRH:0
end_of_record
TN:
SF:/Users/raymondyeh/Desktop/DLT/website/src/components/CertificateDropZone/Views/UnverifiedView.js
FN:5,View
FN:80,onClick
FNF:2
FNH:0
FNDA:0,View
FNDA:0,onClick
DA:1,0
DA:2,0
DA:3,0
DA:5,0
DA:10,0
DA:12,0
DA:13,0
DA:81,0
DA:82,0
DA:83,0
DA:96,0
LF:11
LH:0
BRDA:12,0,0,0
BRDA:12,0,1,0
BRDA:12,0,2,0
BRDA:17,1,0,0
BRDA:17,1,1,0
BRDA:20,2,0,0
BRDA:20,2,1,0
BRDA:26,3,0,0
BRDA:26,3,1,0
BRDA:31,4,0,0
BRDA:31,4,1,0
BRDA:35,5,0,0
BRDA:35,5,1,0
BRDA:42,6,0,0
BRDA:42,6,1,0
BRDA:48,7,0,0
BRDA:48,7,1,0
BRDA:52,8,0,0
BRDA:52,8,1,0
BRDA:56,9,0,0
BRDA:56,9,1,0
BRDA:79,10,0,0
BRDA:79,10,1,0
BRF:23
BRH:0
end_of_record
TN:
SF:/Users/raymondyeh/Desktop/DLT/website/src/components/CertificateDropZone/Views/VerifyingView.js
FN:3,View
FNF:1
FNH:0
FNDA:0,View
DA:1,0
DA:3,0
DA:5,0
DA:9,0
DA:10,0
DA:11,0
DA:12,0
DA:13,0
DA:17,0
DA:21,0
DA:42,0
LF:11
LH:0
BRDA:5,0,0,0
BRDA:5,0,1,0
BRDA:9,1,0,0
BRDA:9,1,1,0
BRDA:9,2,0,0
BRDA:9,2,1,0
BRDA:10,3,0,0
BRDA:10,3,1,0
BRDA:10,4,0,0
BRDA:10,4,1,0
BRDA:12,5,0,0
BRDA:12,5,1,0
BRDA:31,6,0,0
BRDA:31,6,1,0
BRDA:30,7,0,0
BRDA:30,7,1,0
BRF:16
BRH:0
end_of_record
TN:
SF:/Users/raymondyeh/Desktop/DLT/website/src/components/CertificateSharing/CertificateSharingForm.js
FN:9,CertificateSharingForm
FNF:1
FNH:0
FNDA:0,CertificateSharingForm
DA:1,0
DA:2,0
DA:3,0
DA:4,0
DA:5,0
DA:6,0
DA:9,0
DA:10,0
DA:12,0
DA:17,0
DA:18,0
DA:19,0
DA:23,0
DA:27,0
DA:30,0
DA:31,0
DA:32,0
DA:33,0
DA:41,0
DA:42,0
DA:103,0
LF:21
LH:0
BRDA:32,0,0,0
BRDA:32,0,1,0
BRDA:69,1,0,0
BRDA:69,1,1,0
BRDA:76,2,0,0
BRDA:76,2,1,0
BRDA:90,3,0,0
BRDA:90,3,1,0
BRF:8
BRH:0
end_of_record
TN:
SF:/Users/raymondyeh/Desktop/DLT/website/src/components/CertificateTemplates/index.js
FNF:0
FNH:0
DA:1,0
DA:2,0
DA:4,0
LF:3
LH:0
BRF:0
BRH:0
end_of_record
TN:
SF:/Users/raymondyeh/Desktop/DLT/website/src/components/CertificateTemplates/Default/certificate.js
FN:3,Template
FN:23,(anonymous_2)
FNF:2
FNH:0
FNDA:0,Template
FNDA:0,(anonymous_2)
DA:1,0
DA:3,0
DA:4,0
DA:5,0
DA:6,0
DA:7,0
DA:8,0
DA:9,0
DA:11,0
DA:12,0
DA:13,0
DA:14,0
DA:16,0
DA:17,0
DA:18,0
DA:19,0
DA:20,0
DA:22,0
DA:23,0
DA:32,0
LF:20
LH:0
BRDA:39,0,0,0
BRDA:39,0,1,0
BRDA:41,1,0,0
BRDA:41,1,1,0
BRDA:42,2,0,0
BRDA:42,2,1,0
BRDA:44,3,0,0
BRDA:44,3,1,0
BRDA:47,4,0,0
BRDA:47,4,1,0
BRDA:53,5,0,0
BRDA:53,5,1,0
BRDA:54,6,0,0
BRDA:54,6,1,0
BRDA:55,7,0,0
BRDA:55,7,1,0
BRDA:56,8,0,0
BRDA:56,8,1,0
BRDA:60,9,0,0
BRDA:60,9,1,0
BRDA:61,10,0,0
BRDA:61,10,1,0
BRDA:62,11,0,0
BRDA:62,11,1,0
BRDA:63,12,0,0
BRDA:63,12,1,0
BRDA:64,13,0,0
BRDA:64,13,1,0
BRDA:67,14,0,0
BRDA:67,14,1,0
BRF:30
BRH:0
end_of_record
TN:
SF:/Users/raymondyeh/Desktop/DLT/website/src/components/CertificateTemplates/Default/index.js
FNF:0
FNH:0
DA:1,0
DA:3,0
LF:2
LH:0
BRF:0
BRH:0
end_of_record
TN:
SF:/Users/raymondyeh/Desktop/DLT/website/src/components/CertificateTemplates/NgeeAnnPolytechnic/certificate.js
FN:18,Template
FNF:1
FNH:0
FNDA:0,Template
DA:1,0
DA:5,0
DA:10,0
DA:13,0
DA:18,0
LF:5
LH:0
BRF:0
BRH:0
end_of_record
TN:
SF:/Users/raymondyeh/Desktop/DLT/website/src/components/CertificateTemplates/NgeeAnnPolytechnic/index.js
FNF:0
FNH:0
DA:1,0
DA:2,0
DA:4,0
DA:17,0
LF:4
LH:0
BRF:0
BRH:0
end_of_record
TN:
SF:/Users/raymondyeh/Desktop/DLT/website/src/components/CertificateTemplates/NgeeAnnPolytechnic/transcript.js
FN:8,formatDate
FN:30,renderSemester
FN:31,(anonymous_3)
FN:62,renderHeader
FN:83,renderGradingSystem
FN:206,renderTranscript
FN:210,(anonymous_7)
FN:217,renderStudentInfo
FN:250,renderNpfa
FN:257,renderFinalStatement
FN:266,Template
FNF:11
FNH:0
FNDA:0,formatDate
FNDA:0,renderSemester
FNDA:0,(anonymous_3)
FNDA:0,renderHeader
FNDA:0,renderGradingSystem
FNDA:0,renderTranscript
FNDA:0,(anonymous_7)
FNDA:0,renderStudentInfo
FNDA:0,renderNpfa
FNDA:0,renderFinalStatement
FNDA:0,Template
DA:1,0
DA:3,0
DA:8,0
DA:9,0
DA:10,0
DA:11,0
DA:25,0
DA:26,0
DA:27,0
DA:30,0
DA:31,0
DA:38,0
DA:39,0
DA:40,0
DA:62,0
DA:63,0
DA:64,0
DA:83,0
DA:206,0
DA:208,0
DA:209,0
DA:210,0
DA:214,0
DA:217,0
DA:250,0
DA:251,0
DA:252,0
DA:257,0
DA:258,0
DA:259,0
DA:266,0
LF:31
LH:0
BRDA:9,0,0,0
BRDA:9,0,1,0
BRDA:253,1,0,0
BRDA:253,1,1,0
BRF:4
BRH:0
end_of_record
TN:
SF:/Users/raymondyeh/Desktop/DLT/website/src/components/FAQ/FaqContent.js
FN:5,FaqHeader
FN:11,renderQuestion
FN:22,renderSection
FN:29,FaqContent
FNF:4
FNH:0
FNDA:0,FaqHeader
FNDA:0,renderQuestion
FNDA:0,renderSection
FNDA:0,FaqContent
DA:1,0
DA:2,0
DA:3,0
DA:5,0
DA:11,0
DA:22,0
DA:29,0
DA:38,0
DA:43,0
LF:9
LH:0
BRDA:22,0,0,0
BRDA:22,0,1,0
BRF:2
BRH:0
end_of_record
TN:
SF:/Users/raymondyeh/Desktop/DLT/website/src/components/HomePageContent/AboutImages.js
FN:6,valid
FN:120,genuine
FN:157,institution
FNF:3
FNH:0
FNDA:0,valid
FNDA:0,genuine
FNDA:0,institution
DA:3,0
DA:5,0
DA:6,0
DA:120,0
DA:157,0
LF:5
LH:0
BRF:0
BRH:0
end_of_record
TN:
SF:/Users/raymondyeh/Desktop/DLT/website/src/components/HomePageContent/AboutSection.js
FN:4,BenefitsSection
FN:30,HowItWorks
FN:39,AboutSection
FNF:3
FNH:0
FNDA:0,BenefitsSection
FNDA:0,HowItWorks
FNDA:0,AboutSection
DA:1,0
DA:2,0
DA:4,0
DA:30,0
DA:39,0
LF:5
LH:0
BRF:0
BRH:0
end_of_record
TN:
SF:/Users/raymondyeh/Desktop/DLT/website/src/components/HomePageContent/DropZoneSection.js
FN:5,DropZoneSection
FNF:1
FNH:0
FNDA:0,DropZoneSection
DA:1,0
DA:2,0
DA:3,0
DA:5,0
DA:32,0
LF:5
LH:0
BRF:0
BRH:0
end_of_record
TN:
SF:/Users/raymondyeh/Desktop/DLT/website/src/components/HomePageContent/PartnersSection.js
FN:3,TitleSection
FN:9,CarouselSection
FN:24,(anonymous_3)
FN:30,PartnerSection
FNF:4
FNH:0
FNDA:0,TitleSection
FNDA:0,CarouselSection
FNDA:0,(anonymous_3)
FNDA:0,PartnerSection
DA:1,0
DA:3,0
DA:9,0
DA:12,0
DA:24,0
DA:27,0
DA:30,0
LF:7
LH:0
BRF:0
BRH:0
end_of_record
TN:
SF:/Users/raymondyeh/Desktop/DLT/website/src/components/Layout/FooterBar.js
FN:4,NavigationBar
FNF:1
FNH:0
FNDA:0,NavigationBar
DA:1,0
DA:2,0
DA:4,0
LF:3
LH:0
BRF:0
BRH:0
end_of_record
TN:
SF:/Users/raymondyeh/Desktop/DLT/website/src/components/Layout/Meta.js
FN:4,Meta
FNF:1
FNH:0
FNDA:0,Meta
DA:1,0
DA:2,0
DA:4,0
LF:3
LH:0
BRF:0
BRH:0
end_of_record
TN:
SF:/Users/raymondyeh/Desktop/DLT/website/src/components/Layout/NetworkSelector.js
FN:12,NetworkSelector
FN:47,mapStateToProps
FN:52,mapDispatchToProps
FN:53,updateWeb3
FNF:4
FNH:0
FNDA:0,NetworkSelector
FNDA:0,mapStateToProps
FNDA:0,mapDispatchToProps
FNDA:0,updateWeb3
DA:1,0
DA:2,0
DA:3,0
DA:4,0
DA:5,0
DA:12,0
DA:13,0
DA:15,0
DA:19,0
DA:25,0
DA:27,0
DA:47,0
DA:52,0
DA:53,0
DA:61,0
LF:15
LH:0
BRF:0
BRH:0
end_of_record
TN:
SF:/Users/raymondyeh/Desktop/DLT/website/src/components/Layout/NavigationBar/NavigationBar.js
FN:17,renderNavItem
FN:18,(anonymous_2)
FN:31,NavigationBar
FNF:3
FNH:0
FNDA:0,renderNavItem
FNDA:0,(anonymous_2)
FNDA:0,NavigationBar
DA:1,0
DA:2,0
DA:4,0
DA:17,0
DA:18,0
DA:28,0
DA:31,0
DA:60,0
LF:8
LH:0
BRDA:20,0,0,0
BRDA:20,0,1,0
BRF:2
BRH:0
end_of_record
TN:
SF:/Users/raymondyeh/Desktop/DLT/website/src/components/Layout/NavigationBar/index.js
FNF:0
FNH:0
DA:1,0
LF:1
LH:0
BRF:0
BRH:0
end_of_record
TN:
SF:/Users/raymondyeh/Desktop/DLT/website/src/components/Modal/Modal.js
FN:4,modal
FN:10,onClick
FN:19,onClick
FNF:3
FNH:0
FNDA:0,modal
FNDA:0,onClick
FNDA:0,onClick
DA:1,0
DA:2,0
DA:4,0
DA:10,0
DA:19,0
DA:28,0
LF:6
LH:0
BRDA:6,0,0,0
BRDA:6,0,1,0
BRF:2
BRH:0
end_of_record
TN:
SF:/Users/raymondyeh/Desktop/DLT/website/src/components/Modal/index.js
FNF:0
FNH:0
DA:1,0
LF:1
LH:0
BRF:0
BRH:0
end_of_record
TN:
SF:/Users/raymondyeh/Desktop/DLT/website/src/config/index.js
FNF:0
FNH:0
DA:3,1
LF:1
LH:1
BRF:0
BRH:0
end_of_record
TN:
SF:/Users/raymondyeh/Desktop/DLT/website/src/reducers/application.js
FN:36,reducer
FN:98,updateWeb3
FN:105,updateNetworkId
FN:111,foundNewBlock
FN:118,announceMinedTransaction
FN:125,removeTxFromPollingList
FN:133,getNetwork
FN:137,getNetworkPending
FN:141,getCustomRpc
FN:145,getNetworkId
FN:149,getTxPollingList
FN:153,getNetworkPollingTask
FN:157,getCurrentBlockNumber
FN:161,getTransactionReceipt
FNF:14
FNH:0
FNDA:0,reducer
FNDA:0,updateWeb3
FNDA:0,updateNetworkId
FNDA:0,foundNewBlock
FNDA:0,announceMinedTransaction
FNDA:0,removeTxFromPollingList
FNDA:0,getNetwork
FNDA:0,getNetworkPending
FNDA:0,getCustomRpc
FNDA:0,getNetworkId
FNDA:0,getTxPollingList
FNDA:0,getNetworkPollingTask
FNDA:0,getCurrentBlockNumber
FNDA:0,getTransactionReceipt
DA:4,1
DA:16,1
DA:37,0
DA:39,0
DA:45,0
DA:54,0
DA:61,0
DA:68,0
DA:73,0
DA:79,0
DA:87,0
DA:93,0
DA:99,0
DA:106,0
DA:112,0
DA:119,0
DA:126,0
DA:134,0
DA:138,0
DA:142,0
DA:146,0
DA:150,0
DA:154,0
DA:158,0
DA:162,0
DA:163,0
DA:165,0
LF:27
LH:2
BRDA:36,0,0,0
BRDA:37,1,0,0
BRDA:37,1,1,0
BRDA:37,1,2,0
BRDA:37,1,3,0
BRDA:37,1,4,0
BRDA:37,1,5,0
BRDA:37,1,6,0
BRDA:37,1,7,0
BRDA:37,1,8,0
BRDA:162,2,0,0
BRDA:162,2,1,0
BRF:12
BRH:0
end_of_record
TN:
SF:/Users/raymondyeh/Desktop/DLT/website/src/reducers/certificate.js
FN:69,reducer
FN:269,updateCertificate
FN:276,verifyCertificate
FN:283,updateFilteredCertificate
FN:290,verifyingCertificateIssuerSuccess
FN:297,verifyingCertificateIssuerFailure
FN:304,sendCertificate
FN:311,sendCertificateReset
FN:318,getIssuerIdentityStatus
FN:333,getHashStatus
FN:346,getIssuedStatus
FN:359,getNotRevokedStatus
FN:372,getCertificate
FN:376,getVerifying
FN:391,getVerified
FN:400,getVerificationStatus
FN:404,getEmailSendingState
FNF:17
FNH:2
FNDA:0,reducer
FNDA:0,updateCertificate
FNDA:0,verifyCertificate
FNDA:0,updateFilteredCertificate
FNDA:10,verifyingCertificateIssuerSuccess
FNDA:4,verifyingCertificateIssuerFailure
FNDA:0,sendCertificate
FNDA:0,sendCertificateReset
FNDA:0,getIssuerIdentityStatus
FNDA:0,getHashStatus
FNDA:0,getIssuedStatus
FNDA:0,getNotRevokedStatus
FNDA:0,getCertificate
FNDA:0,getVerifying
FNDA:0,getVerified
FNDA:0,getVerificationStatus
FNDA:0,getEmailSendingState
DA:1,1
DA:8,1
DA:38,1
DA:70,0
DA:72,0
DA:76,0
DA:84,0
DA:91,0
DA:97,0
DA:119,0
DA:134,0
DA:149,0
DA:164,0
DA:179,0
DA:194,0
DA:209,0
DA:224,0
DA:240,0
DA:246,0
DA:252,0
DA:258,0
DA:264,0
DA:270,0
DA:277,0
DA:284,0
DA:291,10
DA:298,4
DA:305,0
DA:312,0
DA:324,0
DA:325,0
DA:338,0
DA:339,0
DA:351,0
DA:352,0
DA:364,0
DA:365,0
DA:373,0
DA:382,0
DA:383,0
DA:392,0
DA:393,0
DA:394,0
DA:395,0
DA:397,0
DA:401,0
DA:405,0
LF:47
LH:5
BRDA:69,0,0,0
BRDA:70,1,0,0
BRDA:70,1,1,0
BRDA:70,1,2,0
BRDA:70,1,3,0
BRDA:70,1,4,0
BRDA:70,1,5,0
BRDA:70,1,6,0
BRDA:70,1,7,0
BRDA:70,1,8,0
BRDA:70,1,9,0
BRDA:70,1,10,0
BRDA:70,1,11,0
BRDA:70,1,12,0
BRDA:70,1,13,0
BRDA:70,1,14,0
BRDA:70,1,15,0
BRDA:70,1,16,0
BRDA:70,1,17,0
BRDA:384,2,0,0
BRDA:384,2,1,0
BRDA:384,2,2,0
BRDA:384,2,3,0
BRDA:397,3,0,0
BRDA:397,3,1,0
BRDA:397,3,2,0
BRDA:397,3,3,0
BRF:27
BRH:0
end_of_record
TN:
SF:/Users/raymondyeh/Desktop/DLT/website/src/reducers/index.js
FNF:0
FNH:0
DA:1,0
DA:3,0
DA:4,0
LF:3
LH:0
BRF:0
BRH:0
end_of_record
TN:
SF:/Users/raymondyeh/Desktop/DLT/website/src/sagas/application.js
FN:5,getSelectedWeb3
FN:16,updateNetworkId
FNF:2
FNH:0
FNDA:0,getSelectedWeb3
FNDA:0,updateNetworkId
DA:6,0
DA:7,0
DA:9,0
DA:11,0
DA:12,0
DA:13,0
DA:17,0
DA:18,0
DA:19,0
DA:23,0
DA:25,0
DA:26,0
DA:28,0
DA:29,0
DA:31,0
DA:32,0
DA:34,0
DA:35,0
DA:37,0
DA:38,0
DA:40,0
DA:42,0
DA:50,0
DA:51,0
LF:24
LH:0
BRDA:5,0,0,0
BRDA:7,1,0,0
BRDA:7,1,1,0
BRDA:7,2,0,0
BRDA:7,2,1,0
BRDA:12,3,0,0
BRDA:12,3,1,0
BRDA:23,4,0,0
BRDA:23,4,1,0
BRDA:23,4,2,0
BRDA:23,4,3,0
BRDA:23,4,4,0
BRDA:23,4,5,0
BRF:13
BRH:0
end_of_record
TN:
SF:/Users/raymondyeh/Desktop/DLT/website/src/sagas/certificate.js
FN:23,loadCertificateContracts
FN:28,(anonymous_1)
FN:32,(anonymous_2)
FN:41,(anonymous_3)
FN:57,verifyCertificateHash
FN:71,verifyCertificateIssued
FN:77,(anonymous_6)
FN:79,(anonymous_7)
FN:95,verifyCertificateNotRevoked
FN:106,(anonymous_9)
FN:117,(anonymous_10)
FN:120,(anonymous_11)
FN:140,isApprovedENSDomain
FN:144,(anonymous_13)
FN:150,lookupEthereumAddresses
FN:153,(anonymous_15)
FN:164,resolveEnsNamesToText
FN:166,(anonymous_17)
FN:177,(anonymous_18)
FN:184,verifyCertificateIssuer
FN:188,(anonymous_20)
FN:236,verifyCertificate
FN:248,(anonymous_22)
FN:254,sendCertificate
FN:279,networkReset
FNF:25
FNH:3
FNDA:0,loadCertificateContracts
FNDA:0,(anonymous_1)
FNDA:0,(anonymous_2)
FNDA:0,(anonymous_3)
FNDA:0,verifyCertificateHash
FNDA:0,verifyCertificateIssued
FNDA:0,(anonymous_6)
FNDA:0,(anonymous_7)
FNDA:0,verifyCertificateNotRevoked
FNDA:0,(anonymous_9)
FNDA:0,(anonymous_10)
FNDA:0,(anonymous_11)
FNDA:0,isApprovedENSDomain
FNDA:0,(anonymous_13)
FNDA:0,lookupEthereumAddresses
FNDA:0,(anonymous_15)
FNDA:0,resolveEnsNamesToText
FNDA:0,(anonymous_17)
FNDA:0,(anonymous_18)
FNDA:7,verifyCertificateIssuer
FNDA:14,(anonymous_20)
FNDA:0,verifyCertificate
FNDA:0,(anonymous_22)
FNDA:3,sendCertificate
FNDA:0,networkReset
DA:21,1
DA:24,0
DA:25,0
DA:26,0
DA:27,0
DA:28,0
DA:30,0
DA:31,0
DA:33,0
DA:36,0
DA:38,0
DA:40,0
DA:41,0
DA:44,0
DA:47,0
DA:49,0
DA:53,0
DA:58,0
DA:59,0
DA:60,0
DA:63,0
DA:65,0
DA:68,0
DA:72,0
DA:73,0
DA:76,0
DA:77,0
DA:79,0
DA:80,0
DA:82,0
DA:85,0
DA:87,0
DA:91,0
DA:99,0
DA:100,0
DA:101,0
DA:104,0
DA:106,0
DA:107,0
DA:108,0
DA:109,0
DA:112,0
DA:113,0
DA:116,0
DA:117,0
DA:119,0
DA:120,0
DA:123,0
DA:124,0
DA:127,0
DA:130,0
DA:132,0
DA:136,0
DA:141,0
DA:142,0
DA:143,0
DA:145,0
DA:151,0
DA:153,0
DA:154,0
DA:156,0
DA:157,0
DA:160,0
DA:165,0
DA:166,0
DA:167,0
DA:169,0
DA:172,0
DA:173,0
DA:176,0
DA:177,0
DA:179,0
DA:180,0
DA:181,0
DA:185,7
DA:186,7
DA:187,7
DA:188,14
DA:190,7
DA:194,7
DA:199,7
DA:200,7
DA:202,7
DA:203,7
DA:204,7
DA:205,3
DA:206,3
DA:208,7
DA:209,5
DA:213,4
DA:218,6
DA:222,6
DA:223,1
DA:226,5
DA:227,5
DA:228,5
DA:230,2
DA:231,2
DA:232,2
DA:237,0
DA:240,0
DA:241,0
DA:242,0
DA:248,0
DA:249,0
DA:250,0
DA:255,3
DA:256,3
DA:257,3
DA:258,3
DA:264,2
DA:265,1
DA:268,1
DA:272,2
DA:280,0
LF:115
LH:34
BRDA:59,0,0,0
BRDA:59,0,1,0
BRDA:79,1,0,0
BRDA:79,1,1,0
BRDA:80,2,0,0
BRDA:80,2,1,0
BRDA:120,3,0,0
BRDA:120,3,1,0
BRDA:123,4,0,0
BRDA:123,4,1,0
BRDA:156,5,0,0
BRDA:156,5,1,0
BRDA:166,6,0,0
BRDA:166,6,1,0
BRDA:204,7,0,3
BRDA:204,7,1,4
BRDA:208,8,0,5
BRDA:208,8,1,2
BRDA:222,9,0,1
BRDA:222,9,1,5
BRDA:248,10,0,0
BRDA:248,10,1,0
BRDA:249,11,0,0
BRDA:249,11,1,0
BRDA:264,12,0,1
BRDA:264,12,1,1
BRF:26
BRH:8
end_of_record
TN:
SF:/Users/raymondyeh/Desktop/DLT/website/src/sagas/index.js
FN:9,rootSaga
FN:9,rootSaga$
FNF:2
FNH:0
FNDA:0,rootSaga
FNDA:0,rootSaga$
DA:1,0
DA:3,0
DA:4,0
DA:6,0
DA:7,0
DA:9,0
DA:10,0
LF:7
LH:0
BRDA:9,0,0,0
BRDA:9,0,1,0
BRDA:9,0,2,0
BRF:3
BRH:0
end_of_record
TN:
SF:/Users/raymondyeh/Desktop/DLT/website/src/sagas/makeCertUtil.js
FN:2,(anonymous_0)
FN:12,(anonymous_1)
FN:20,(anonymous_2)
FNF:3
FNH:3
FNDA:10,(anonymous_0)
FNDA:17,(anonymous_1)
FNDA:10,(anonymous_2)
DA:3,10
DA:9,10
DA:13,17
DA:16,17
DA:17,17
DA:21,10
LF:6
LH:6
BRF:0
BRH:0
end_of_record
TN:
SF:/Users/raymondyeh/Desktop/DLT/website/src/services/email/index.js
FN:6,sendEmail
FN:20,(anonymous_1)
FNF:2
FNH:2
FNDA:3,sendEmail
FNDA:3,(anonymous_1)
DA:4,2
DA:7,3
DA:20,3
LF:3
LH:3
BRF:0
BRH:0
end_of_record
TN:
SF:/Users/raymondyeh/Desktop/DLT/website/src/services/ens/ens.js
FN:20,keccak256String
FN:24,appendHash
FN:28,getNamehash
FN:40,(anonymous_3)
FN:49,(anonymous_4)
FN:62,(anonymous_5)
FN:71,(anonymous_6)
FN:87,(anonymous_7)
FN:106,(anonymous_8)
FNF:9
FNH:3
FNDA:16,keccak256String
FNDA:8,appendHash
FNDA:5,getNamehash
FNDA:0,(anonymous_3)
FNDA:0,(anonymous_4)
FNDA:0,(anonymous_5)
FNDA:0,(anonymous_6)
FNDA:0,(anonymous_7)
FNDA:0,(anonymous_8)
DA:8,2
DA:11,2
DA:21,16
DA:25,8
DA:30,5
DA:31,5
DA:32,4
DA:33,4
DA:34,4
DA:35,4
DA:37,1
DA:40,2
DA:41,0
DA:42,0
DA:43,0
DA:44,0
DA:49,2
DA:50,0
DA:51,0
DA:52,0
DA:53,0
DA:57,0
DA:58,0
DA:59,0
DA:62,2
DA:63,0
DA:64,0
DA:65,0
DA:66,0
DA:67,0
DA:68,0
DA:71,2
DA:72,0
DA:73,0
DA:74,0
DA:75,0
DA:76,0
DA:77,0
DA:78,0
DA:79,0
DA:80,0
DA:82,0
DA:83,0
DA:87,2
DA:88,0
DA:90,0
DA:91,0
DA:93,0
DA:94,0
DA:95,0
DA:96,0
DA:99,0
DA:101,0
DA:102,0
DA:106,2
DA:107,0
DA:108,0
DA:109,0
DA:110,0
DA:111,0
LF:60
LH:17
BRDA:31,0,0,4
BRDA:31,0,1,1
BRF:2
BRH:2
end_of_record
TN:
SF:/Users/raymondyeh/Desktop/DLT/website/src/services/ens/ensResolveAddress.js
FN:7,(anonymous_0)
FNF:1
FNH:0
FNDA:0,(anonymous_0)
DA:5,1
DA:7,1
DA:8,0
DA:9,0
DA:10,0
DA:11,0
DA:13,0
LF:7
LH:2
BRDA:9,0,0,0
BRDA:9,0,1,0
BRF:2
BRH:0
end_of_record
TN:
SF:/Users/raymondyeh/Desktop/DLT/website/src/services/ens/index.js
FNF:0
FNH:0
LF:0
LH:0
BRF:0
BRH:0
end_of_record
TN:
SF:/Users/raymondyeh/Desktop/DLT/website/src/services/issuers/index.js
FN:3,fetchIssuers
FN:6,(anonymous_1)
FN:7,(anonymous_2)
FNF:3
FNH:0
FNDA:0,fetchIssuers
FNDA:0,(anonymous_1)
FNDA:0,(anonymous_2)
DA:1,1
DA:4,0
DA:6,0
DA:7,0
LF:4
LH:1
BRDA:3,0,0,0
BRF:1
BRH:0
end_of_record
TN:
SF:/Users/raymondyeh/Desktop/DLT/website/src/services/web3/getAccounts.js
FN:2,(anonymous_0)
FN:3,(anonymous_1)
FN:5,(anonymous_2)
FNF:3
FNH:0
FNDA:0,(anonymous_0)
FNDA:0,(anonymous_1)
FNDA:0,(anonymous_2)
DA:2,2
DA:3,0
DA:4,0
DA:5,0
LF:4
LH:1
BRDA:5,0,0,0
BRDA:5,0,1,0
BRF:2
BRH:0
end_of_record
TN:
SF:/Users/raymondyeh/Desktop/DLT/website/src/services/web3/getContract.js
FN:3,(anonymous_0)
FN:10,applyArgs
FNF:2
FNH:0
FNDA:0,(anonymous_0)
FNDA:0,applyArgs
DA:3,2
DA:4,0
DA:5,0
DA:9,0
DA:10,0
DA:12,0
DA:19,0
DA:20,0
LF:8
LH:1
BRDA:9,0,0,0
BRDA:9,0,1,0
BRF:2
BRH:0
end_of_record
TN:
SF:/Users/raymondyeh/Desktop/DLT/website/src/services/web3/getWeb3.js
FN:17,loadWeb3InfuraWebsocket
FN:31,loadWeb3Injected
FN:42,loadWeb3CustomRpc
FN:51,loadWeb3Mock
FN:55,(anonymous_4)
FN:60,resolveWeb3
FN:88,setNewWeb3
FN:96,(anonymous_7)
FN:100,(anonymous_8)
FN:111,getWeb3
FN:113,(anonymous_10)
FNF:11
FNH:0
FNDA:0,loadWeb3InfuraWebsocket
FNDA:0,loadWeb3Injected
FNDA:0,loadWeb3CustomRpc
FNDA:0,loadWeb3Mock
FNDA:0,(anonymous_4)
FNDA:0,resolveWeb3
FNDA:0,setNewWeb3
FNDA:0,(anonymous_7)
FNDA:0,(anonymous_8)
FNDA:0,getWeb3
FNDA:0,(anonymous_10)
DA:3,2
DA:4,2
DA:6,2
DA:18,0
DA:22,0
DA:23,0
DA:24,0
DA:25,0
DA:26,0
DA:28,0
DA:32,0
DA:33,0
DA:35,0
DA:37,0
DA:39,0
DA:43,0
DA:45,0
DA:46,0
DA:48,0
DA:52,0
DA:55,0
DA:61,0
DA:62,0
DA:64,0
DA:65,0
DA:67,0
DA:68,0
DA:70,0
DA:71,0
DA:73,0
DA:74,0
DA:76,0
DA:77,0
DA:79,0
DA:81,0
DA:82,0
DA:84,0
DA:89,0
DA:94,0
DA:96,0
DA:99,0
DA:100,0
DA:101,0
DA:104,0
DA:105,0
DA:112,0
DA:113,0
DA:114,0
DA:117,0
LF:49
LH:3
BRDA:17,0,0,0
BRDA:18,1,0,0
BRDA:18,1,1,0
BRDA:35,2,0,0
BRDA:35,2,1,0
BRDA:42,3,0,0
BRDA:60,4,0,0
BRDA:62,5,0,0
BRDA:62,5,1,0
BRDA:62,5,2,0
BRDA:62,5,3,0
BRDA:62,5,4,0
BRDA:62,5,5,0
BRDA:89,6,0,0
BRDA:89,6,1,0
BRDA:90,7,0,0
BRDA:90,7,1,0
BRDA:99,8,0,0
BRDA:99,8,1,0
BRDA:104,9,0,0
BRDA:104,9,1,0
BRDA:112,10,0,0
BRDA:112,10,1,0
BRF:23
BRH:0
end_of_record
TN:
SF:/Users/raymondyeh/Desktop/DLT/website/src/services/web3/index.js
FN:10,Web3Wrapper
FN:12,(anonymous_1)
FN:21,(anonymous_2)
FN:39,(anonymous_3)
FNF:4
FNH:0
FNDA:0,Web3Wrapper
FNDA:0,(anonymous_1)
FNDA:0,(anonymous_2)
FNDA:0,(anonymous_3)
DA:11,0
DA:13,0
DA:14,0
DA:22,0
DA:23,0
DA:24,0
DA:25,0
DA:28,0
DA:31,0
DA:35,0
DA:40,0
LF:11
LH:0
BRDA:25,0,0,0
BRDA:25,0,1,0
BRF:2
BRH:0
end_of_record
TN:
SF:/Users/raymondyeh/Desktop/DLT/website/src/utils/index.js
FN:3,bufSortJoin
FN:7,toBuf
FN:12,combinedHash
FN:25,isEthereumAddress
FNF:4
FNH:4
FNDA:1,bufSortJoin
FNDA:2,toBuf
FNDA:1,combinedHash
FNDA:6,isEthereumAddress
DA:1,2
DA:4,1
DA:8,2
DA:9,2
DA:13,1
DA:14,0
DA:16,1
DA:17,0
DA:19,1
DA:24,2
DA:26,6
LF:11
LH:9
BRDA:8,0,0,0
BRDA:8,0,1,2
BRDA:13,1,0,0
BRDA:13,1,1,1
BRDA:16,2,0,0
BRDA:16,2,1,1
BRF:6
BRH:3
end_of_record
TN:
SF:/Users/raymondyeh/Desktop/DLT/website/src/utils/logger.js
FN:4,(anonymous_0)
FN:5,(anonymous_1)
FN:7,(anonymous_2)
FNF:3
FNH:3
FNDA:4,(anonymous_0)
FNDA:4,(anonymous_1)
FNDA:4,(anonymous_2)
DA:4,4
DA:5,4
DA:7,4
LF:3
LH:3
BRF:0
BRH:0
end_of_record
